current directory: /home/elijahdaniel/.local/share/nvim/mason/staging/erb-lint/gems/better_html-2.0.2/ext/better_html_ext
/home/elijahdaniel/.asdf/installs/ruby/3.1.2/bin/ruby -I /home/elijahdaniel/.asdf/installs/ruby/3.1.2/lib/ruby/3.1.0 -r ./siteconf20230707-129445-40c8qt.rb extconf.rb
creating Makefile

current directory: /home/elijahdaniel/.local/share/nvim/mason/staging/erb-lint/gems/better_html-2.0.2/ext/better_html_ext
make DESTDIR\= clean

current directory: /home/elijahdaniel/.local/share/nvim/mason/staging/erb-lint/gems/better_html-2.0.2/ext/better_html_ext
make DESTDIR\=
compiling html_tokenizer.c
compiling parser.c
parser.c: In function ‘parser_document_append’:
parser.c:498:9: warning: unused variable ‘old’ [-Wunused-variable]
  498 |   void *old = parser->doc.data;
      |         ^~~
At top level:
cc1: note: unrecognized command-line option ‘-Wno-self-assign’ may have been intended to silence earlier diagnostics
cc1: note: unrecognized command-line option ‘-Wno-parentheses-equality’ may have been intended to silence earlier diagnostics
cc1: note: unrecognized command-line option ‘-Wno-constant-logical-operand’ may have been intended to silence earlier diagnostics
compiling tokenizer.c
tokenizer.c: In function ‘scan_tag_name’:
tokenizer.c:467:9: warning: variable ‘old’ set but not used [-Wunused-but-set-variable]
  467 |   void *old;
      |         ^~~
tokenizer.c: In function ‘tokenizer_set_scan_string’:
tokenizer.c:669:15: warning: unused variable ‘old’ [-Wunused-variable]
  669 |   const char *old = tk->scan.string;
      |               ^~~
At top level:
cc1: note: unrecognized command-line option ‘-Wno-self-assign’ may have been intended to silence earlier diagnostics
cc1: note: unrecognized command-line option ‘-Wno-parentheses-equality’ may have been intended to silence earlier diagnostics
cc1: note: unrecognized command-line option ‘-Wno-constant-logical-operand’ may have been intended to silence earlier diagnostics
linking shared-object better_html_ext.so

current directory: /home/elijahdaniel/.local/share/nvim/mason/staging/erb-lint/gems/better_html-2.0.2/ext/better_html_ext
make DESTDIR\= install
/usr/bin/install -c -m 0755 better_html_ext.so ./.gem.20230707-129445-sab9ng
