[15:23:39.381][info] [#0:/home/elijahdaniel/.local/share/nvim/mason/packages/lua-language-server/libexec/main.lua:66]: Lua Lsp startup, root: 	/home/elijahdaniel/.local/share/nvim/mason/packages/lua-language-server/libexec
[15:23:39.381][info] [#0:/home/elijahdaniel/.local/share/nvim/mason/packages/lua-language-server/libexec/main.lua:67]: ROOT:	/home/elijahdaniel/.local/share/nvim/mason/packages/lua-language-server/libexec
[15:23:39.381][info] [#0:/home/elijahdaniel/.local/share/nvim/mason/packages/lua-language-server/libexec/main.lua:68]: LOGPATH:	/home/elijahdaniel/.local/share/nvim/mason/packages/lua-language-server/libexec/log
[15:23:39.381][info] [#0:/home/elijahdaniel/.local/share/nvim/mason/packages/lua-language-server/libexec/main.lua:69]: METAPATH:	/home/elijahdaniel/.local/share/nvim/mason/packages/lua-language-server/libexec/meta
[15:23:39.381][info] [#0:/home/elijahdaniel/.local/share/nvim/mason/packages/lua-language-server/libexec/main.lua:70]: VERSION:	3.6.21
[15:23:39.405][info] [#0:script/service/service.lua:144]: 
========= Medical Examination Report =========
    --------------- Memory ---------------
        Total: 1.321 MB
        # 00 : 1.321 MB
        # 01 : 0.000 MB
        # 02 : 0.000 MB
        # 03 : 0.000 MB
        # 04 : 0.000 MB
    --------------- Coroutine ---------------
        Total:     0
        Running:   0
        Suspended: 0
        Normal:    0
        Dead:      0
    --------------- Cache ---------------
        Total: 1
        Dead:  0
    ---------------  RPC  ---------------
        Holdon:   0
        Waiting:  0
==============================================
[15:23:39.410][info] [#0:script/client.lua:657]: Client init	{
  capabilities = {
    textDocument = {
      callHierarchy = {
        dynamicRegistration = false
      },
      codeAction = {
        codeActionLiteralSupport = {
          codeActionKind = {
            valueSet = { "", "quickfix", "refactor", "refactor.extract", "refactor.inline", "refactor.rewrite", "source", "source.organizeImports" }
          }
        },
        dataSupport = true,
        dynamicRegistration = false,
        isPreferredSupport = true,
        resolveSupport = {
          properties = { "edit" }
        }
      },
      completion = {
        completionItem = {
          commitCharactersSupport = true,
          deprecatedSupport = true,
          documentationFormat = { "markdown", "plaintext" },
          insertReplaceSupport = true,
          insertTextModeSupport = {
            valueSet = { 1, 2 }
          },
          labelDetailsSupport = true,
          preselectSupport = true,
          resolveSupport = {
            properties = { "documentation", "detail", "additionalTextEdits" }
          },
          snippetSupport = true,
          tagSupport = {
            valueSet = { 1 }
          }
        },
        completionItemKind = {
          valueSet = { 1, 2, 3, 4, 5, 6, 7, 8, 9, 10, 11, 12, 13, 14, 15, 16, 17, 18, 19, 20, 21, 22, 23, 24, 25 }
        },
        completionList = {
          itemDefaults = { "commitCharacters", "editRange", "insertTextFormat", "insertTextMode", "data" }
        },
        contextSupport = true,
        dynamicRegistration = false,
        insertTextMode = 1
      },
      declaration = {
        linkSupport = true
      },
      definition = {
        linkSupport = true
      },
      documentHighlight = {
        dynamicRegistration = false
      },
      documentSymbol = {
        dynamicRegistration = false,
        hierarchicalDocumentSymbolSupport = true,
        symbolKind = {
          valueSet = { 1, 2, 3, 4, 5, 6, 7, 8, 9, 10, 11, 12, 13, 14, 15, 16, 17, 18, 19, 20, 21, 22, 23, 24, 25, 26 }
        }
      },
      hover = {
        contentFormat = { "markdown", "plaintext" },
        dynamicRegistration = false
      },
      implementation = {
        linkSupport = true
      },
      publishDiagnostics = {
        relatedInformation = true,
        tagSupport = {
          valueSet = { 1, 2 }
        }
      },
      references = {
        dynamicRegistration = false
      },
      rename = {
        dynamicRegistration = false,
        prepareSupport = true
      },
      semanticTokens = {
        augmentsSyntaxTokens = true,
        dynamicRegistration = false,
        formats = { "relative" },
        multilineTokenSupport = false,
        overlappingTokenSupport = true,
        requests = {
          full = {
            delta = true
          },
          range = false
        },
        serverCancelSupport = false,
        tokenModifiers = { "declaration", "definition", "readonly", "static", "deprecated", "abstract", "async", "modification", "documentation", "defaultLibrary" },
        tokenTypes = { "namespace", "type", "class", "enum", "interface", "struct", "typeParameter", "parameter", "variable", "property", "enumMember", "event", "function", "method", "macro", "keyword", "modifier", "comment", "string", "number", "regexp", "operator", "decorator" }
      },
      signatureHelp = {
        dynamicRegistration = false,
        signatureInformation = {
          activeParameterSupport = true,
          documentationFormat = { "markdown", "plaintext" },
          parameterInformation = {
            labelOffsetSupport = true
          }
        }
      },
      synchronization = {
        didSave = true,
        dynamicRegistration = false,
        willSave = true,
        willSaveWaitUntil = true
      },
      typeDefinition = {
        linkSupport = true
      }
    },
    window = {
      showDocument = {
        support = true
      },
      showMessage = {
        messageActionItem = {
          additionalPropertiesSupport = false
        }
      },
      workDoneProgress = true
    },
    workspace = {
      applyEdit = true,
      configuration = true,
      didChangeWatchedFiles = {
        dynamicRegistration = false,
        relativePatternSupport = true
      },
      semanticTokens = {
        refreshSupport = true
      },
      symbol = {
        dynamicRegistration = false,
        hierarchicalWorkspaceSymbolSupport = true,
        symbolKind = {
          valueSet = { 1, 2, 3, 4, 5, 6, 7, 8, 9, 10, 11, 12, 13, 14, 15, 16, 17, 18, 19, 20, 21, 22, 23, 24, 25, 26 }
        }
      },
      workspaceEdit = {
        resourceOperations = { "rename", "create", "delete" }
      },
      workspaceFolders = true
    }
  },
  clientInfo = {
    name = "Neovim",
    version = "0.9.0"
  },
  initializationOptions = {},
  processId = 36454,
  rootPath = "/etc/xdg/nvim/lua/",
  rootUri = "file:///etc/xdg/nvim/lua/",
  trace = "off",
  workspaceFolders = { {
      name = "/etc/xdg/nvim/lua/",
      uri = "file:///etc/xdg/nvim/lua/"
    } }
}
[15:23:39.410][info] [#0:script/language.lua:137]: VSC language: nil
[15:23:39.410][info] [#0:script/language.lua:138]: LS  language: en-us
[15:23:39.410][info] [#0:script/workspace/workspace.lua:38]: Workspace init root: 	file:///etc/xdg/nvim/lua/
[15:23:39.410][info] [#0:script/workspace/workspace.lua:42]: Log path: 	/home/elijahdaniel/.local/share/nvim/mason/packages/lua-language-server/libexec/log/file_etc_xdg_nvim_lua_.log
[15:23:39.410][info] [#0:script/workspace/workspace.lua:48]: Workspace create: 	file:///etc/xdg/nvim/lua/
[15:23:39.512][info] [#0:script/provider/provider.lua:46]: Load config from client	file:///etc/xdg/nvim/lua/
[15:23:39.512][info] [#0:script/provider/provider.lua:47]: {
  Lua = {
    telemetry = {
      enable = false
    },
    workspace = {
      checkThirdParty = false
    }
  }
}
[15:23:39.512][info] [#0:script/provider/provider.lua:46]: Load config from client	file:///etc/xdg/nvim/lua/
[15:23:39.512][info] [#0:script/provider/provider.lua:47]: {
  Lua = {
    telemetry = {
      enable = false
    },
    workspace = {
      checkThirdParty = false
    }
  }
}
[15:23:39.512][info] [#0:script/provider/provider.lua:46]: Load config from client	file:///etc/xdg/nvim/lua/
[15:23:39.512][info] [#0:script/provider/provider.lua:47]: {
  Lua = {
    telemetry = {
      enable = false
    },
    workspace = {
      checkThirdParty = false
    }
  }
}
[15:23:39.513][info] [#0:script/provider/provider.lua:61]: Load config from client	fallback
[15:23:39.513][info] [#0:script/provider/provider.lua:62]: {
  Lua = {
    telemetry = {
      enable = false
    },
    workspace = {
      checkThirdParty = false
    }
  }
}
[15:23:39.513][info] [#0:script/library.lua:212]: Init builtin library at:	file:///etc/xdg/nvim/lua/
[15:23:39.531][info] [#0:script/plugin.lua:86]: plugin path:	/etc/xdg/nvim/lua
[15:23:39.531][warn] [#0:script/plugin.lua:101]: plugin not found:	/etc/xdg/nvim/lua
[15:23:39.531][info] [#0:script/library.lua:212]: Init builtin library at:	nil
[15:23:39.540][info] [#0:script/provider/provider.lua:61]: Load config from client	fallback
[15:23:39.540][info] [#0:script/provider/provider.lua:62]: {
  Lua = {
    telemetry = {
      enable = false
    },
    workspace = {
      checkThirdParty = false
    }
  }
}
[15:23:39.540][info] [#0:script/provider/provider.lua:61]: Load config from client	fallback
[15:23:39.540][info] [#0:script/provider/provider.lua:62]: {
  Lua = {
    telemetry = {
      enable = false
    },
    workspace = {
      checkThirdParty = false
    }
  }
}
[15:23:39.640][info] [#0:script/workspace/workspace.lua:322]: Preload start:	file:///etc/xdg/nvim/lua/
[15:23:39.642][info] [#0:script/workspace/workspace.lua:328]: Scan files at:	file:///etc/xdg/nvim/lua/
[15:23:39.642][info] [#0:script/workspace/workspace.lua:322]: Preload start:	<fallback>
[15:23:39.643][info] [#0:script/workspace/workspace.lua:351]: Scan library at:	file:///home/elijahdaniel/.local/share/nvim/mason/packages/lua-language-server/libexec/meta/Lua%205.4%20en-us%20utf8/coroutine.lua
[15:23:39.644][info] [#0:script/workspace/workspace.lua:351]: Scan library at:	file:///home/elijahdaniel/.local/share/nvim/mason/packages/lua-language-server/libexec/meta/Lua%205.4%20en-us%20utf8/math.lua
[15:23:39.644][info] [#0:script/workspace/workspace.lua:351]: Scan library at:	file:///home/elijahdaniel/.local/share/nvim/mason/packages/lua-language-server/libexec/meta/Lua%205.4%20en-us%20utf8/coroutine.lua
[15:23:39.644][info] [#0:script/workspace/workspace.lua:351]: Scan library at:	file:///home/elijahdaniel/.local/share/nvim/mason/packages/lua-language-server/libexec/meta/Lua%205.4%20en-us%20utf8/debug.lua
[15:23:39.644][info] [#0:script/workspace/workspace.lua:351]: Scan library at:	file:///home/elijahdaniel/.local/share/nvim/mason/packages/lua-language-server/libexec/meta/Lua%205.4%20en-us%20utf8/math.lua
[15:23:39.644][info] [#0:script/workspace/workspace.lua:351]: Scan library at:	file:///home/elijahdaniel/.local/share/nvim/mason/packages/lua-language-server/libexec/meta/Lua%205.4%20en-us%20utf8/builtin.lua
[15:23:39.644][info] [#0:script/workspace/workspace.lua:351]: Scan library at:	file:///home/elijahdaniel/.local/share/nvim/mason/packages/lua-language-server/libexec/meta/Lua%205.4%20en-us%20utf8/debug.lua
[15:23:39.644][info] [#0:script/workspace/workspace.lua:351]: Scan library at:	file:///home/elijahdaniel/.local/share/nvim/mason/packages/lua-language-server/libexec/meta/Lua%205.4%20en-us%20utf8/os.lua
[15:23:39.644][info] [#0:script/workspace/workspace.lua:351]: Scan library at:	file:///home/elijahdaniel/.local/share/nvim/mason/packages/lua-language-server/libexec/meta/Lua%205.4%20en-us%20utf8/builtin.lua
[15:23:39.644][info] [#0:script/workspace/workspace.lua:351]: Scan library at:	file:///home/elijahdaniel/.local/share/nvim/mason/packages/lua-language-server/libexec/meta/Lua%205.4%20en-us%20utf8/string.lua
[15:23:39.644][info] [#0:script/workspace/workspace.lua:351]: Scan library at:	file:///home/elijahdaniel/.local/share/nvim/mason/packages/lua-language-server/libexec/meta/Lua%205.4%20en-us%20utf8/os.lua
[15:23:39.644][info] [#0:script/workspace/workspace.lua:351]: Scan library at:	file:///home/elijahdaniel/.local/share/nvim/mason/packages/lua-language-server/libexec/meta/Lua%205.4%20en-us%20utf8/table.lua
[15:23:39.644][info] [#0:script/workspace/workspace.lua:351]: Scan library at:	file:///home/elijahdaniel/.local/share/nvim/mason/packages/lua-language-server/libexec/meta/Lua%205.4%20en-us%20utf8/string.lua
[15:23:39.644][info] [#0:script/workspace/workspace.lua:351]: Scan library at:	file:///home/elijahdaniel/.local/share/nvim/mason/packages/lua-language-server/libexec/meta/Lua%205.4%20en-us%20utf8/package.lua
[15:23:39.644][info] [#0:script/workspace/workspace.lua:351]: Scan library at:	file:///home/elijahdaniel/.local/share/nvim/mason/packages/lua-language-server/libexec/meta/Lua%205.4%20en-us%20utf8/table.lua
[15:23:39.645][info] [#0:script/workspace/workspace.lua:351]: Scan library at:	file:///home/elijahdaniel/.local/share/nvim/mason/packages/lua-language-server/libexec/meta/Lua%205.4%20en-us%20utf8/basic.lua
[15:23:39.645][info] [#0:script/workspace/workspace.lua:351]: Scan library at:	file:///home/elijahdaniel/.local/share/nvim/mason/packages/lua-language-server/libexec/meta/Lua%205.4%20en-us%20utf8/package.lua
[15:23:39.645][info] [#0:script/workspace/workspace.lua:351]: Scan library at:	file:///home/elijahdaniel/.local/share/nvim/mason/packages/lua-language-server/libexec/meta/Lua%205.4%20en-us%20utf8/utf8.lua
[15:23:39.645][info] [#0:script/workspace/workspace.lua:351]: Scan library at:	file:///home/elijahdaniel/.local/share/nvim/mason/packages/lua-language-server/libexec/meta/Lua%205.4%20en-us%20utf8/basic.lua
[15:23:39.645][info] [#0:script/workspace/workspace.lua:351]: Scan library at:	file:///home/elijahdaniel/.local/share/nvim/mason/packages/lua-language-server/libexec/meta/Lua%205.4%20en-us%20utf8/io.lua
[15:23:39.645][info] [#0:script/workspace/workspace.lua:351]: Scan library at:	file:///home/elijahdaniel/.local/share/nvim/mason/packages/lua-language-server/libexec/meta/Lua%205.4%20en-us%20utf8/utf8.lua
[15:23:39.645][info] [#0:script/workspace/workspace.lua:351]: Scan library at:	file:///home/elijahdaniel/.local/share/nvim/mason/packages/lua-language-server/libexec/meta/Lua%205.4%20en-us%20utf8/io.lua
[15:23:39.745][info] [#0:script/workspace/workspace.lua:377]: Found 11 files at:	<fallback>
[15:23:39.745][info] [#0:script/workspace/loading.lua:161]: Load files from disk:	<fallback>
[15:23:39.745][info] [#0:script/workspace/workspace.lua:377]: Found 13 files at:	file:///etc/xdg/nvim/lua/
[15:23:39.745][info] [#0:script/workspace/loading.lua:161]: Load files from disk:	file:///etc/xdg/nvim/lua/
[15:23:39.846][info] [#0:script/workspace/loading.lua:101]: Preload file at: file:///home/elijahdaniel/.local/share/nvim/mason/packages/lua-language-server/libexec/meta/Lua%205.4%20en-us%20utf8/io.lua , size = 6.364 KB
[15:23:39.852][info] [#0:script/workspace/loading.lua:113]: ++++As library of:	file:///home/elijahdaniel/.local/share/nvim/mason/packages/lua-language-server/libexec/meta/Lua%205.4%20en-us%20utf8/io.lua
[15:23:39.852][info] [#0:script/workspace/loading.lua:98]: Skip loaded file: file:///home/elijahdaniel/.local/share/nvim/mason/packages/lua-language-server/libexec/meta/Lua%205.4%20en-us%20utf8/io.lua
[15:23:39.852][info] [#0:script/workspace/loading.lua:101]: Preload file at: file:///home/elijahdaniel/.local/share/nvim/mason/packages/lua-language-server/libexec/meta/Lua%205.4%20en-us%20utf8/utf8.lua , size = 2.386 KB
[15:23:39.853][info] [#0:script/workspace/loading.lua:113]: ++++As library of:	file:///home/elijahdaniel/.local/share/nvim/mason/packages/lua-language-server/libexec/meta/Lua%205.4%20en-us%20utf8/utf8.lua
[15:23:39.853][info] [#0:script/workspace/loading.lua:98]: Skip loaded file: file:///home/elijahdaniel/.local/share/nvim/mason/packages/lua-language-server/libexec/meta/Lua%205.4%20en-us%20utf8/utf8.lua
[15:23:39.853][info] [#0:script/workspace/loading.lua:101]: Preload file at: file:///home/elijahdaniel/.local/share/nvim/mason/packages/lua-language-server/libexec/meta/Lua%205.4%20en-us%20utf8/basic.lua , size = 14.160 KB
[15:23:39.858][info] [#0:script/workspace/loading.lua:113]: ++++As library of:	file:///home/elijahdaniel/.local/share/nvim/mason/packages/lua-language-server/libexec/meta/Lua%205.4%20en-us%20utf8/basic.lua
[15:23:39.858][info] [#0:script/workspace/loading.lua:101]: Preload file at: file:///home/elijahdaniel/.local/share/nvim/mason/packages/lua-language-server/libexec/meta/Lua%205.4%20en-us%20utf8/package.lua , size = 2.944 KB
[15:23:39.859][info] [#0:script/workspace/loading.lua:113]: ++++As library of:	file:///home/elijahdaniel/.local/share/nvim/mason/packages/lua-language-server/libexec/meta/Lua%205.4%20en-us%20utf8/package.lua
[15:23:39.859][info] [#0:script/workspace/loading.lua:98]: Skip loaded file: file:///home/elijahdaniel/.local/share/nvim/mason/packages/lua-language-server/libexec/meta/Lua%205.4%20en-us%20utf8/basic.lua
[15:23:39.859][info] [#0:script/workspace/loading.lua:98]: Skip loaded file: file:///home/elijahdaniel/.local/share/nvim/mason/packages/lua-language-server/libexec/meta/Lua%205.4%20en-us%20utf8/package.lua
[15:23:39.859][info] [#0:script/workspace/loading.lua:101]: Preload file at: file:///home/elijahdaniel/.local/share/nvim/mason/packages/lua-language-server/libexec/meta/Lua%205.4%20en-us%20utf8/table.lua , size = 4.230 KB
[15:23:39.863][info] [#0:script/workspace/loading.lua:113]: ++++As library of:	file:///home/elijahdaniel/.local/share/nvim/mason/packages/lua-language-server/libexec/meta/Lua%205.4%20en-us%20utf8/table.lua
[15:23:39.863][info] [#0:script/workspace/loading.lua:98]: Skip loaded file: file:///home/elijahdaniel/.local/share/nvim/mason/packages/lua-language-server/libexec/meta/Lua%205.4%20en-us%20utf8/table.lua
[15:23:39.863][info] [#0:script/workspace/loading.lua:101]: Preload file at: file:///home/elijahdaniel/.local/share/nvim/mason/packages/lua-language-server/libexec/meta/Lua%205.4%20en-us%20utf8/string.lua , size = 6.302 KB
[15:23:39.866][info] [#0:script/workspace/loading.lua:113]: ++++As library of:	file:///home/elijahdaniel/.local/share/nvim/mason/packages/lua-language-server/libexec/meta/Lua%205.4%20en-us%20utf8/string.lua
[15:23:39.866][info] [#0:script/workspace/loading.lua:101]: Preload file at: file:///home/elijahdaniel/.local/share/nvim/mason/packages/lua-language-server/libexec/meta/Lua%205.4%20en-us%20utf8/os.lua , size = 4.347 KB
[15:23:39.868][info] [#0:script/workspace/loading.lua:113]: ++++As library of:	file:///home/elijahdaniel/.local/share/nvim/mason/packages/lua-language-server/libexec/meta/Lua%205.4%20en-us%20utf8/os.lua
[15:23:39.868][info] [#0:script/workspace/loading.lua:98]: Skip loaded file: file:///home/elijahdaniel/.local/share/nvim/mason/packages/lua-language-server/libexec/meta/Lua%205.4%20en-us%20utf8/string.lua
[15:23:39.868][info] [#0:script/workspace/loading.lua:101]: Preload file at: file:///home/elijahdaniel/.local/share/nvim/mason/packages/lua-language-server/libexec/meta/Lua%205.4%20en-us%20utf8/builtin.lua , size = 0.302 KB
[15:23:39.869][info] [#0:script/workspace/loading.lua:113]: ++++As library of:	file:///home/elijahdaniel/.local/share/nvim/mason/packages/lua-language-server/libexec/meta/Lua%205.4%20en-us%20utf8/builtin.lua
[15:23:39.869][info] [#0:script/workspace/loading.lua:98]: Skip loaded file: file:///home/elijahdaniel/.local/share/nvim/mason/packages/lua-language-server/libexec/meta/Lua%205.4%20en-us%20utf8/os.lua
[15:23:39.869][info] [#0:script/workspace/loading.lua:98]: Skip loaded file: file:///home/elijahdaniel/.local/share/nvim/mason/packages/lua-language-server/libexec/meta/Lua%205.4%20en-us%20utf8/builtin.lua
[15:23:39.869][info] [#0:script/workspace/loading.lua:101]: Preload file at: file:///home/elijahdaniel/.local/share/nvim/mason/packages/lua-language-server/libexec/meta/Lua%205.4%20en-us%20utf8/debug.lua , size = 7.637 KB
[15:23:39.873][info] [#0:script/workspace/loading.lua:113]: ++++As library of:	file:///home/elijahdaniel/.local/share/nvim/mason/packages/lua-language-server/libexec/meta/Lua%205.4%20en-us%20utf8/debug.lua
[15:23:39.873][info] [#0:script/workspace/loading.lua:98]: Skip loaded file: file:///home/elijahdaniel/.local/share/nvim/mason/packages/lua-language-server/libexec/meta/Lua%205.4%20en-us%20utf8/debug.lua
[15:23:39.873][info] [#0:script/workspace/loading.lua:101]: Preload file at: file:///home/elijahdaniel/.local/share/nvim/mason/packages/lua-language-server/libexec/meta/Lua%205.4%20en-us%20utf8/math.lua , size = 8.731 KB
[15:23:39.879][info] [#0:script/workspace/loading.lua:113]: ++++As library of:	file:///home/elijahdaniel/.local/share/nvim/mason/packages/lua-language-server/libexec/meta/Lua%205.4%20en-us%20utf8/math.lua
[15:23:39.879][info] [#0:script/workspace/loading.lua:98]: Skip loaded file: file:///home/elijahdaniel/.local/share/nvim/mason/packages/lua-language-server/libexec/meta/Lua%205.4%20en-us%20utf8/math.lua
[15:23:39.879][info] [#0:script/workspace/loading.lua:101]: Preload file at: file:///home/elijahdaniel/.local/share/nvim/mason/packages/lua-language-server/libexec/meta/Lua%205.4%20en-us%20utf8/coroutine.lua , size = 2.590 KB
[15:23:39.880][info] [#0:script/workspace/loading.lua:113]: ++++As library of:	file:///home/elijahdaniel/.local/share/nvim/mason/packages/lua-language-server/libexec/meta/Lua%205.4%20en-us%20utf8/coroutine.lua
[15:23:39.880][info] [#0:script/workspace/loading.lua:98]: Skip loaded file: file:///home/elijahdaniel/.local/share/nvim/mason/packages/lua-language-server/libexec/meta/Lua%205.4%20en-us%20utf8/coroutine.lua
[15:23:39.880][info] [#0:script/workspace/loading.lua:101]: Preload file at: file:///etc/xdg/nvim/lua/kickstart/plugins/debug.lua , size = 2.847 KB
[15:23:39.881][info] [#0:script/workspace/loading.lua:101]: Preload file at: file:///etc/xdg/nvim/lua/kickstart/plugins/autoformat.lua , size = 2.776 KB
[15:23:39.982][info] [#0:script/workspace/loading.lua:173]: Loaded files takes [0.039] sec: <fallback>
[15:23:39.982][info] [#0:script/workspace/loading.lua:182]: Compile files takes [0.000] sec: <fallback>
[15:23:39.982][info] [#0:script/workspace/loading.lua:183]: Loaded finish:	<fallback>
[15:23:39.982][info] [#0:script/workspace/workspace.lua:379]: Preload finish at:	<fallback>
[15:23:39.990][info] [#0:script/workspace/loading.lua:173]: Loaded files takes [0.047] sec: file:///etc/xdg/nvim/lua/
[15:23:39.990][info] [#0:script/workspace/loading.lua:182]: Compile files takes [0.000] sec: file:///etc/xdg/nvim/lua/
[15:23:39.990][info] [#0:script/workspace/loading.lua:183]: Loaded finish:	file:///etc/xdg/nvim/lua/
[15:23:39.990][info] [#0:script/workspace/workspace.lua:379]: Preload finish at:	file:///etc/xdg/nvim/lua/
[15:23:39.992][info] [#0:script/provider/diagnostic.lua:557]: Diagnostics scope [file:///etc/xdg/nvim/lua/], files count:[13]
[15:23:40.001][info] [#0:script/provider/diagnostic.lua:574]: Diagnostics scope [file:///etc/xdg/nvim/lua/] finished, takes [0.009] sec.
[15:23:42.956][info] [#0:script/provider/provider.lua:169]: Server shutdown.
[15:23:43.056][info] [#0:script/provider/provider.lua:162]: Server exited.
