[16:00:57.047][info] [#0:/home/elijahdaniel/.local/share/nvim/mason/packages/lua-language-server/libexec/main.lua:66]: Lua Lsp startup, root: 	/home/elijahdaniel/.local/share/nvim/mason/packages/lua-language-server/libexec
[16:00:57.047][info] [#0:/home/elijahdaniel/.local/share/nvim/mason/packages/lua-language-server/libexec/main.lua:67]: ROOT:	/home/elijahdaniel/.local/share/nvim/mason/packages/lua-language-server/libexec
[16:00:57.047][info] [#0:/home/elijahdaniel/.local/share/nvim/mason/packages/lua-language-server/libexec/main.lua:68]: LOGPATH:	/home/elijahdaniel/.local/share/nvim/mason/packages/lua-language-server/libexec/log
[16:00:57.047][info] [#0:/home/elijahdaniel/.local/share/nvim/mason/packages/lua-language-server/libexec/main.lua:69]: METAPATH:	/home/elijahdaniel/.local/share/nvim/mason/packages/lua-language-server/libexec/meta
[16:00:57.047][info] [#0:/home/elijahdaniel/.local/share/nvim/mason/packages/lua-language-server/libexec/main.lua:70]: VERSION:	3.6.21
[16:00:57.066][info] [#0:script/service/service.lua:144]: 
========= Medical Examination Report =========
    --------------- Memory ---------------
        Total: 1.321 MB
        # 00 : 1.321 MB
        # 01 : 0.000 MB
        # 02 : 0.000 MB
        # 03 : 0.000 MB
        # 04 : 0.000 MB
    --------------- Coroutine ---------------
        Total:     0
        Running:   0
        Suspended: 0
        Normal:    0
        Dead:      0
    --------------- Cache ---------------
        Total: 1
        Dead:  0
    ---------------  RPC  ---------------
        Holdon:   0
        Waiting:  0
==============================================
[16:00:57.069][info] [#0:script/client.lua:657]: Client init	{
  capabilities = {
    textDocument = {
      callHierarchy = {
        dynamicRegistration = false
      },
      codeAction = {
        codeActionLiteralSupport = {
          codeActionKind = {
            valueSet = { "", "quickfix", "refactor", "refactor.extract", "refactor.inline", "refactor.rewrite", "source", "source.organizeImports" }
          }
        },
        dataSupport = true,
        dynamicRegistration = false,
        isPreferredSupport = true,
        resolveSupport = {
          properties = { "edit" }
        }
      },
      completion = {
        completionItem = {
          commitCharactersSupport = true,
          deprecatedSupport = true,
          documentationFormat = { "markdown", "plaintext" },
          insertReplaceSupport = true,
          insertTextModeSupport = {
            valueSet = { 1, 2 }
          },
          labelDetailsSupport = true,
          preselectSupport = true,
          resolveSupport = {
            properties = { "documentation", "detail", "additionalTextEdits" }
          },
          snippetSupport = true,
          tagSupport = {
            valueSet = { 1 }
          }
        },
        completionItemKind = {
          valueSet = { 1, 2, 3, 4, 5, 6, 7, 8, 9, 10, 11, 12, 13, 14, 15, 16, 17, 18, 19, 20, 21, 22, 23, 24, 25 }
        },
        completionList = {
          itemDefaults = { "commitCharacters", "editRange", "insertTextFormat", "insertTextMode", "data" }
        },
        contextSupport = true,
        dynamicRegistration = false,
        insertTextMode = 1
      },
      declaration = {
        linkSupport = true
      },
      definition = {
        linkSupport = true
      },
      documentHighlight = {
        dynamicRegistration = false
      },
      documentSymbol = {
        dynamicRegistration = false,
        hierarchicalDocumentSymbolSupport = true,
        symbolKind = {
          valueSet = { 1, 2, 3, 4, 5, 6, 7, 8, 9, 10, 11, 12, 13, 14, 15, 16, 17, 18, 19, 20, 21, 22, 23, 24, 25, 26 }
        }
      },
      hover = {
        contentFormat = { "markdown", "plaintext" },
        dynamicRegistration = false
      },
      implementation = {
        linkSupport = true
      },
      publishDiagnostics = {
        relatedInformation = true,
        tagSupport = {
          valueSet = { 1, 2 }
        }
      },
      references = {
        dynamicRegistration = false
      },
      rename = {
        dynamicRegistration = false,
        prepareSupport = true
      },
      semanticTokens = {
        augmentsSyntaxTokens = true,
        dynamicRegistration = false,
        formats = { "relative" },
        multilineTokenSupport = false,
        overlappingTokenSupport = true,
        requests = {
          full = {
            delta = true
          },
          range = false
        },
        serverCancelSupport = false,
        tokenModifiers = { "declaration", "definition", "readonly", "static", "deprecated", "abstract", "async", "modification", "documentation", "defaultLibrary" },
        tokenTypes = { "namespace", "type", "class", "enum", "interface", "struct", "typeParameter", "parameter", "variable", "property", "enumMember", "event", "function", "method", "macro", "keyword", "modifier", "comment", "string", "number", "regexp", "operator", "decorator" }
      },
      signatureHelp = {
        dynamicRegistration = false,
        signatureInformation = {
          activeParameterSupport = true,
          documentationFormat = { "markdown", "plaintext" },
          parameterInformation = {
            labelOffsetSupport = true
          }
        }
      },
      synchronization = {
        didSave = true,
        dynamicRegistration = false,
        willSave = true,
        willSaveWaitUntil = true
      },
      typeDefinition = {
        linkSupport = true
      }
    },
    window = {
      showDocument = {
        support = true
      },
      showMessage = {
        messageActionItem = {
          additionalPropertiesSupport = false
        }
      },
      workDoneProgress = true
    },
    workspace = {
      applyEdit = true,
      configuration = true,
      didChangeWatchedFiles = {
        dynamicRegistration = false,
        relativePatternSupport = true
      },
      semanticTokens = {
        refreshSupport = true
      },
      symbol = {
        dynamicRegistration = false,
        hierarchicalWorkspaceSymbolSupport = true,
        symbolKind = {
          valueSet = { 1, 2, 3, 4, 5, 6, 7, 8, 9, 10, 11, 12, 13, 14, 15, 16, 17, 18, 19, 20, 21, 22, 23, 24, 25, 26 }
        }
      },
      workspaceEdit = {
        resourceOperations = { "rename", "create", "delete" }
      },
      workspaceFolders = true
    }
  },
  clientInfo = {
    name = "Neovim",
    version = "0.9.0"
  },
  initializationOptions = {},
  processId = 237781,
  rootPath = "/home/elijahdaniel/.local/share/nvim/lazy/onedark.nvim/lua/",
  rootUri = "file:///home/elijahdaniel/.local/share/nvim/lazy/onedark.nvim/lua/",
  trace = "off",
  workspaceFolders = { {
      name = "/home/elijahdaniel/.local/share/nvim/lazy/onedark.nvim/lua/",
      uri = "file:///home/elijahdaniel/.local/share/nvim/lazy/onedark.nvim/lua/"
    } }
}
[16:00:57.069][info] [#0:script/language.lua:137]: VSC language: nil
[16:00:57.069][info] [#0:script/language.lua:138]: LS  language: en-us
[16:00:57.069][info] [#0:script/workspace/workspace.lua:38]: Workspace init root: 	file:///home/elijahdaniel/.local/share/nvim/lazy/onedark.nvim/lua/
[16:00:57.069][info] [#0:script/workspace/workspace.lua:42]: Log path: 	/home/elijahdaniel/.local/share/nvim/mason/packages/lua-language-server/libexec/log/file_home_elijahdaniel_.local_share_nvim_lazy_onedark.nvim_lua_.log
[16:00:57.069][info] [#0:script/workspace/workspace.lua:48]: Workspace create: 	file:///home/elijahdaniel/.local/share/nvim/lazy/onedark.nvim/lua/
[16:00:57.171][info] [#0:script/provider/provider.lua:46]: Load config from client	file:///home/elijahdaniel/.local/share/nvim/lazy/onedark.nvim/lua/
[16:00:57.171][info] [#0:script/provider/provider.lua:47]: {
  Lua = {
    runtime = {
      path = { "?.lua", "?/init.lua" },
      pathStrict = true,
      version = "LuaJIT"
    },
    telemetry = {
      enable = false
    },
    workspace = {
      checkThirdParty = false,
      ignoreDir = { "types/nightly", "lua" },
      library = { "/home/elijahdaniel/.local/share/nvim/lazy/neodev.nvim/types/stable", "/usr/share/nvim/runtime/lua", "/home/elijahdaniel/.local/share/nvim/lazy/onedark.nvim/lua" }
    }
  }
}
[16:00:57.171][info] [#0:script/provider/provider.lua:46]: Load config from client	file:///home/elijahdaniel/.local/share/nvim/lazy/onedark.nvim/lua/
[16:00:57.171][info] [#0:script/provider/provider.lua:47]: {
  Lua = {
    runtime = {
      path = { "?.lua", "?/init.lua" },
      pathStrict = true,
      version = "LuaJIT"
    },
    telemetry = {
      enable = false
    },
    workspace = {
      checkThirdParty = false,
      ignoreDir = { "types/nightly", "lua" },
      library = { "/home/elijahdaniel/.local/share/nvim/lazy/neodev.nvim/types/stable", "/usr/share/nvim/runtime/lua", "/home/elijahdaniel/.local/share/nvim/lazy/onedark.nvim/lua" }
    }
  }
}
[16:00:57.171][info] [#0:script/provider/provider.lua:46]: Load config from client	file:///home/elijahdaniel/.local/share/nvim/lazy/onedark.nvim/lua/
[16:00:57.171][info] [#0:script/provider/provider.lua:47]: {
  Lua = {
    runtime = {
      path = { "?.lua", "?/init.lua" },
      pathStrict = true,
      version = "LuaJIT"
    },
    telemetry = {
      enable = false
    },
    workspace = {
      checkThirdParty = false,
      ignoreDir = { "types/nightly", "lua" },
      library = { "/home/elijahdaniel/.local/share/nvim/lazy/neodev.nvim/types/stable", "/usr/share/nvim/runtime/lua", "/home/elijahdaniel/.local/share/nvim/lazy/onedark.nvim/lua" }
    }
  }
}
[16:00:57.171][info] [#0:script/provider/provider.lua:61]: Load config from client	fallback
[16:00:57.171][info] [#0:script/provider/provider.lua:62]: {
  Lua = {
    runtime = {
      path = { "?.lua", "?/init.lua" },
      pathStrict = true,
      version = "LuaJIT"
    },
    telemetry = {
      enable = false
    },
    workspace = {
      checkThirdParty = false,
      ignoreDir = { "types/nightly", "lua" },
      library = { "/home/elijahdaniel/.local/share/nvim/lazy/neodev.nvim/types/stable", "/usr/share/nvim/runtime/lua", "/home/elijahdaniel/.local/share/nvim/lazy/onedark.nvim/lua" }
    }
  }
}
[16:00:57.171][info] [#0:script/library.lua:212]: Init builtin library at:	file:///home/elijahdaniel/.local/share/nvim/lazy/onedark.nvim/lua/
[16:00:57.188][info] [#0:script/plugin.lua:86]: plugin path:	/home/elijahdaniel/.local/share/nvim/lazy/onedark.nvim/lua
[16:00:57.188][warn] [#0:script/plugin.lua:101]: plugin not found:	/home/elijahdaniel/.local/share/nvim/lazy/onedark.nvim/lua
[16:00:57.188][info] [#0:script/library.lua:212]: Init builtin library at:	nil
[16:00:57.195][info] [#0:script/provider/provider.lua:61]: Load config from client	fallback
[16:00:57.195][info] [#0:script/provider/provider.lua:62]: {
  Lua = {
    runtime = {
      path = { "?.lua", "?/init.lua" },
      pathStrict = true,
      version = "LuaJIT"
    },
    telemetry = {
      enable = false
    },
    workspace = {
      checkThirdParty = false,
      ignoreDir = { "types/nightly", "lua" },
      library = { "/home/elijahdaniel/.local/share/nvim/lazy/neodev.nvim/types/stable", "/usr/share/nvim/runtime/lua", "/home/elijahdaniel/.local/share/nvim/lazy/onedark.nvim/lua" }
    }
  }
}
[16:00:57.196][info] [#0:script/provider/provider.lua:61]: Load config from client	fallback
[16:00:57.196][info] [#0:script/provider/provider.lua:62]: {
  Lua = {
    runtime = {
      path = { "?.lua", "?/init.lua" },
      pathStrict = true,
      version = "LuaJIT"
    },
    telemetry = {
      enable = false
    },
    workspace = {
      checkThirdParty = false,
      ignoreDir = { "types/nightly", "lua" },
      library = { "/home/elijahdaniel/.local/share/nvim/lazy/neodev.nvim/types/stable", "/usr/share/nvim/runtime/lua", "/home/elijahdaniel/.local/share/nvim/lazy/onedark.nvim/lua" }
    }
  }
}
[16:00:57.296][info] [#0:script/workspace/workspace.lua:322]: Preload start:	file:///home/elijahdaniel/.local/share/nvim/lazy/onedark.nvim/lua/
[16:00:57.298][info] [#0:script/workspace/workspace.lua:328]: Scan files at:	file:///home/elijahdaniel/.local/share/nvim/lazy/onedark.nvim/lua/
[16:00:57.299][info] [#0:script/workspace/workspace.lua:322]: Preload start:	<fallback>
[16:00:57.303][info] [#0:script/workspace/workspace.lua:351]: Scan library at:	file:///home/elijahdaniel/.local/share/nvim/mason/packages/lua-language-server/libexec/meta/LuaJIT%20en-us%20utf8/coroutine.lua
[16:00:57.304][info] [#0:script/workspace/workspace.lua:351]: Scan library at:	file:///home/elijahdaniel/.local/share/nvim/mason/packages/lua-language-server/libexec/meta/LuaJIT%20en-us%20utf8/string.lua
[16:00:57.304][info] [#0:script/workspace/workspace.lua:351]: Scan library at:	file:///home/elijahdaniel/.local/share/nvim/mason/packages/lua-language-server/libexec/meta/LuaJIT%20en-us%20utf8/builtin.lua
[16:00:57.304][info] [#0:script/workspace/workspace.lua:351]: Scan library at:	file:///home/elijahdaniel/.local/share/nvim/mason/packages/lua-language-server/libexec/meta/LuaJIT%20en-us%20utf8/ffi.lua
[16:00:57.304][info] [#0:script/workspace/workspace.lua:351]: Scan library at:	file:///home/elijahdaniel/.local/share/nvim/lazy/onedark.nvim/lua
[16:00:57.305][info] [#0:script/workspace/workspace.lua:351]: Scan library at:	file:///home/elijahdaniel/.local/share/nvim/mason/packages/lua-language-server/libexec/meta/LuaJIT%20en-us%20utf8/coroutine.lua
[16:00:57.305][info] [#0:script/workspace/workspace.lua:351]: Scan library at:	file:///home/elijahdaniel/.local/share/nvim/mason/packages/lua-language-server/libexec/meta/LuaJIT%20en-us%20utf8/string.lua
[16:00:57.305][info] [#0:script/workspace/workspace.lua:351]: Scan library at:	file:///home/elijahdaniel/.local/share/nvim/mason/packages/lua-language-server/libexec/meta/LuaJIT%20en-us%20utf8/builtin.lua
[16:00:57.305][info] [#0:script/workspace/workspace.lua:351]: Scan library at:	file:///home/elijahdaniel/.local/share/nvim/mason/packages/lua-language-server/libexec/meta/LuaJIT%20en-us%20utf8/ffi.lua
[16:00:57.305][info] [#0:script/workspace/workspace.lua:351]: Scan library at:	file:///home/elijahdaniel/.local/share/nvim/lazy/onedark.nvim/lua
[16:00:57.305][info] [#0:script/workspace/workspace.lua:351]: Scan library at:	file:///home/elijahdaniel/.local/share/nvim/mason/packages/lua-language-server/libexec/meta/LuaJIT%20en-us%20utf8/math.lua
[16:00:57.305][info] [#0:script/workspace/workspace.lua:351]: Scan library at:	file:///home/elijahdaniel/.local/share/nvim/mason/packages/lua-language-server/libexec/meta/LuaJIT%20en-us%20utf8/os.lua
[16:00:57.306][info] [#0:script/workspace/workspace.lua:351]: Scan library at:	file:///home/elijahdaniel/.local/share/nvim/mason/packages/lua-language-server/libexec/meta/LuaJIT%20en-us%20utf8/bit.lua
[16:00:57.306][info] [#0:script/workspace/workspace.lua:351]: Scan library at:	file:///home/elijahdaniel/.local/share/nvim/mason/packages/lua-language-server/libexec/meta/LuaJIT%20en-us%20utf8/basic.lua
[16:00:57.306][info] [#0:script/workspace/workspace.lua:351]: Scan library at:	file:///home/elijahdaniel/.local/share/nvim/mason/packages/lua-language-server/libexec/meta/LuaJIT%20en-us%20utf8/table/new.lua
[16:00:57.306][info] [#0:script/workspace/workspace.lua:351]: Scan library at:	file:///home/elijahdaniel/.local/share/nvim/mason/packages/lua-language-server/libexec/meta/LuaJIT%20en-us%20utf8/jit/profile.lua
[16:00:57.306][info] [#0:script/workspace/workspace.lua:351]: Scan library at:	file:///home/elijahdaniel/.local/share/nvim/mason/packages/lua-language-server/libexec/meta/LuaJIT%20en-us%20utf8/jit/util.lua
[16:00:57.306][info] [#0:script/workspace/workspace.lua:351]: Scan library at:	file:///home/elijahdaniel/.local/share/nvim/mason/packages/lua-language-server/libexec/meta/LuaJIT%20en-us%20utf8/string/buffer.lua
[16:00:57.306][info] [#0:script/workspace/workspace.lua:351]: Scan library at:	file:///home/elijahdaniel/.local/share/nvim/mason/packages/lua-language-server/libexec/meta/LuaJIT%20en-us%20utf8/math.lua
[16:00:57.306][info] [#0:script/workspace/workspace.lua:351]: Scan library at:	file:///home/elijahdaniel/.local/share/nvim/lazy/neodev.nvim/types/stable
[16:00:57.307][info] [#0:script/workspace/workspace.lua:351]: Scan library at:	file:///home/elijahdaniel/.local/share/nvim/mason/packages/lua-language-server/libexec/meta/LuaJIT%20en-us%20utf8/os.lua
[16:00:57.307][info] [#0:script/workspace/workspace.lua:351]: Scan library at:	file:///home/elijahdaniel/.local/share/nvim/mason/packages/lua-language-server/libexec/meta/LuaJIT%20en-us%20utf8/bit.lua
[16:00:57.307][info] [#0:script/workspace/workspace.lua:351]: Scan library at:	file:///home/elijahdaniel/.local/share/nvim/mason/packages/lua-language-server/libexec/meta/LuaJIT%20en-us%20utf8/basic.lua
[16:00:57.307][info] [#0:script/workspace/workspace.lua:351]: Scan library at:	file:///home/elijahdaniel/.local/share/nvim/mason/packages/lua-language-server/libexec/meta/LuaJIT%20en-us%20utf8/table/new.lua
[16:00:57.307][info] [#0:script/workspace/workspace.lua:351]: Scan library at:	file:///home/elijahdaniel/.local/share/nvim/mason/packages/lua-language-server/libexec/meta/LuaJIT%20en-us%20utf8/jit/profile.lua
[16:00:57.307][info] [#0:script/workspace/workspace.lua:351]: Scan library at:	file:///home/elijahdaniel/.local/share/nvim/mason/packages/lua-language-server/libexec/meta/LuaJIT%20en-us%20utf8/jit/util.lua
[16:00:57.307][info] [#0:script/workspace/workspace.lua:351]: Scan library at:	file:///home/elijahdaniel/.local/share/nvim/mason/packages/lua-language-server/libexec/meta/LuaJIT%20en-us%20utf8/string/buffer.lua
[16:00:57.307][info] [#0:script/workspace/workspace.lua:351]: Scan library at:	file:///home/elijahdaniel/.local/share/nvim/lazy/neodev.nvim/types/stable
[16:00:57.308][info] [#0:script/workspace/workspace.lua:351]: Scan library at:	file:///home/elijahdaniel/.local/share/nvim/mason/packages/lua-language-server/libexec/meta/LuaJIT%20en-us%20utf8/table.lua
[16:00:57.308][info] [#0:script/workspace/workspace.lua:351]: Scan library at:	file:///home/elijahdaniel/.local/share/nvim/mason/packages/lua-language-server/libexec/meta/LuaJIT%20en-us%20utf8/io.lua
[16:00:57.308][info] [#0:script/workspace/workspace.lua:351]: Scan library at:	file:///home/elijahdaniel/.local/share/nvim/mason/packages/lua-language-server/libexec/meta/LuaJIT%20en-us%20utf8/package.lua
[16:00:57.308][info] [#0:script/workspace/workspace.lua:351]: Scan library at:	file:///home/elijahdaniel/.local/share/nvim/mason/packages/lua-language-server/libexec/meta/LuaJIT%20en-us%20utf8/jit.lua
[16:00:57.308][info] [#0:script/workspace/workspace.lua:351]: Scan library at:	file:///home/elijahdaniel/.local/share/nvim/mason/packages/lua-language-server/libexec/meta/LuaJIT%20en-us%20utf8/debug.lua
[16:00:57.308][info] [#0:script/workspace/workspace.lua:351]: Scan library at:	file:///usr/share/nvim/runtime/lua
[16:00:57.309][info] [#0:script/workspace/workspace.lua:351]: Scan library at:	file:///home/elijahdaniel/.local/share/nvim/mason/packages/lua-language-server/libexec/meta/LuaJIT%20en-us%20utf8/table.lua
[16:00:57.309][info] [#0:script/workspace/workspace.lua:351]: Scan library at:	file:///home/elijahdaniel/.local/share/nvim/mason/packages/lua-language-server/libexec/meta/LuaJIT%20en-us%20utf8/io.lua
[16:00:57.309][info] [#0:script/workspace/workspace.lua:351]: Scan library at:	file:///home/elijahdaniel/.local/share/nvim/mason/packages/lua-language-server/libexec/meta/LuaJIT%20en-us%20utf8/package.lua
[16:00:57.309][info] [#0:script/workspace/workspace.lua:351]: Scan library at:	file:///home/elijahdaniel/.local/share/nvim/mason/packages/lua-language-server/libexec/meta/LuaJIT%20en-us%20utf8/jit.lua
[16:00:57.309][info] [#0:script/workspace/workspace.lua:351]: Scan library at:	file:///home/elijahdaniel/.local/share/nvim/mason/packages/lua-language-server/libexec/meta/LuaJIT%20en-us%20utf8/debug.lua
[16:00:57.309][info] [#0:script/workspace/workspace.lua:351]: Scan library at:	file:///usr/share/nvim/runtime/lua
[16:00:57.311][info] [#0:script/workspace/workspace.lua:351]: Scan library at:	file:///home/elijahdaniel/.local/share/nvim/mason/packages/lua-language-server/libexec/meta/LuaJIT%20en-us%20utf8/table/clear.lua
[16:00:57.312][info] [#0:script/workspace/workspace.lua:351]: Scan library at:	file:///home/elijahdaniel/.local/share/nvim/mason/packages/lua-language-server/libexec/meta/LuaJIT%20en-us%20utf8/table/clear.lua
[16:00:57.412][info] [#0:script/workspace/workspace.lua:377]: Found 89 files at:	<fallback>
[16:00:57.412][info] [#0:script/workspace/loading.lua:161]: Load files from disk:	<fallback>
[16:00:57.412][info] [#0:script/workspace/workspace.lua:377]: Found 97 files at:	file:///home/elijahdaniel/.local/share/nvim/lazy/onedark.nvim/lua/
[16:00:57.412][info] [#0:script/workspace/loading.lua:161]: Load files from disk:	file:///home/elijahdaniel/.local/share/nvim/lazy/onedark.nvim/lua/
[16:00:57.413][info] [#0:script/workspace/loading.lua:101]: Preload file at: file:///home/elijahdaniel/.local/share/nvim/mason/packages/lua-language-server/libexec/meta/LuaJIT%20en-us%20utf8/table/clear.lua , size = 0.797 KB
[16:00:57.414][info] [#0:script/workspace/loading.lua:113]: ++++As library of:	file:///home/elijahdaniel/.local/share/nvim/mason/packages/lua-language-server/libexec/meta/LuaJIT%20en-us%20utf8/table/clear.lua
[16:00:57.414][info] [#0:script/workspace/loading.lua:101]: Preload file at: file:///usr/share/nvim/runtime/lua/editorconfig.lua , size = 6.716 KB
[16:00:57.418][info] [#0:script/workspace/loading.lua:113]: ++++As library of:	file:///usr/share/nvim/runtime/lua
[16:00:57.418][info] [#0:script/workspace/loading.lua:98]: Skip loaded file: file:///usr/share/nvim/runtime/lua/editorconfig.lua
[16:00:57.418][info] [#0:script/workspace/loading.lua:101]: Preload file at: file:///usr/share/nvim/runtime/lua/_vim9script.lua , size = 15.439 KB
[16:00:57.427][info] [#0:script/workspace/loading.lua:113]: ++++As library of:	file:///usr/share/nvim/runtime/lua
[16:00:57.427][info] [#0:script/workspace/loading.lua:98]: Skip loaded file: file:///usr/share/nvim/runtime/lua/_vim9script.lua
[16:00:57.427][info] [#0:script/workspace/loading.lua:101]: Preload file at: file:///usr/share/nvim/runtime/lua/nvim/health.lua , size = 12.706 KB
[16:00:57.432][info] [#0:script/workspace/loading.lua:113]: ++++As library of:	file:///usr/share/nvim/runtime/lua
[16:00:57.432][info] [#0:script/workspace/loading.lua:98]: Skip loaded file: file:///usr/share/nvim/runtime/lua/nvim/health.lua
[16:00:57.432][info] [#0:script/workspace/loading.lua:101]: Preload file at: file:///usr/share/nvim/runtime/lua/man.lua , size = 24.703 KB
[16:00:57.445][info] [#0:script/workspace/loading.lua:113]: ++++As library of:	file:///usr/share/nvim/runtime/lua
[16:00:57.445][info] [#0:script/workspace/loading.lua:98]: Skip loaded file: file:///home/elijahdaniel/.local/share/nvim/mason/packages/lua-language-server/libexec/meta/LuaJIT%20en-us%20utf8/table/clear.lua
[16:00:57.445][info] [#0:script/workspace/loading.lua:98]: Skip loaded file: file:///usr/share/nvim/runtime/lua/man.lua
[16:00:57.445][info] [#0:script/workspace/loading.lua:101]: Preload file at: file:///usr/share/nvim/runtime/lua/vim/keymap.lua , size = 3.573 KB
[16:00:57.447][info] [#0:script/workspace/loading.lua:113]: ++++As library of:	file:///usr/share/nvim/runtime/lua
[16:00:57.447][info] [#0:script/workspace/loading.lua:98]: Skip loaded file: file:///usr/share/nvim/runtime/lua/vim/keymap.lua
[16:00:57.447][info] [#0:script/workspace/loading.lua:101]: Preload file at: file:///usr/share/nvim/runtime/lua/vim/treesitter.lua , size = 15.442 KB
[16:00:57.454][info] [#0:script/workspace/loading.lua:113]: ++++As library of:	file:///usr/share/nvim/runtime/lua
[16:00:57.454][info] [#0:script/workspace/loading.lua:101]: Preload file at: file:///usr/share/nvim/runtime/lua/vim/_inspector.lua , size = 7.792 KB
[16:00:57.462][info] [#0:script/workspace/loading.lua:113]: ++++As library of:	file:///usr/share/nvim/runtime/lua
[16:00:57.462][info] [#0:script/workspace/loading.lua:98]: Skip loaded file: file:///usr/share/nvim/runtime/lua/vim/_inspector.lua
[16:00:57.462][info] [#0:script/workspace/loading.lua:98]: Skip loaded file: file:///usr/share/nvim/runtime/lua/vim/treesitter.lua
[16:00:57.462][info] [#0:script/workspace/loading.lua:101]: Preload file at: file:///usr/share/nvim/runtime/lua/vim/_editor.lua , size = 29.339 KB
[16:00:57.473][info] [#0:script/workspace/loading.lua:113]: ++++As library of:	file:///usr/share/nvim/runtime/lua
[16:00:57.473][info] [#0:script/workspace/loading.lua:101]: Preload file at: file:///usr/share/nvim/runtime/lua/vim/_watch.lua , size = 5.115 KB
[16:00:57.476][info] [#0:script/workspace/loading.lua:113]: ++++As library of:	file:///usr/share/nvim/runtime/lua
[16:00:57.476][info] [#0:script/workspace/loading.lua:98]: Skip loaded file: file:///usr/share/nvim/runtime/lua/vim/_watch.lua
[16:00:57.476][info] [#0:script/workspace/loading.lua:98]: Skip loaded file: file:///usr/share/nvim/runtime/lua/vim/_editor.lua
[16:00:57.476][info] [#0:script/workspace/loading.lua:101]: Preload file at: file:///usr/share/nvim/runtime/lua/vim/version.lua , size = 12.146 KB
[16:00:57.482][info] [#0:script/workspace/loading.lua:113]: ++++As library of:	file:///usr/share/nvim/runtime/lua
[16:00:57.482][info] [#0:script/workspace/loading.lua:89]: Skip loaded file: file:///usr/share/nvim/runtime/lua/vim/version.lua
[16:00:57.482][info] [#0:script/workspace/loading.lua:113]: ++++As library of:	file:///usr/share/nvim/runtime/lua
[16:00:57.482][info] [#0:script/workspace/loading.lua:101]: Preload file at: file:///usr/share/nvim/runtime/lua/vim/_meta.lua , size = 12.077 KB
[16:00:57.488][info] [#0:script/workspace/loading.lua:113]: ++++As library of:	file:///usr/share/nvim/runtime/lua
[16:00:57.488][info] [#0:script/workspace/loading.lua:98]: Skip loaded file: file:///usr/share/nvim/runtime/lua/vim/_meta.lua
[16:00:57.488][info] [#0:script/workspace/loading.lua:101]: Preload file at: file:///usr/share/nvim/runtime/lua/vim/lsp/codelens.lua , size = 8.261 KB
[16:00:57.491][info] [#0:script/workspace/loading.lua:113]: ++++As library of:	file:///usr/share/nvim/runtime/lua
[16:00:57.492][info] [#0:script/workspace/loading.lua:98]: Skip loaded file: file:///usr/share/nvim/runtime/lua/vim/lsp/codelens.lua
[16:00:57.492][info] [#0:script/workspace/loading.lua:101]: Preload file at: file:///usr/share/nvim/runtime/lua/vim/lsp/buf.lua , size = 27.860 KB
[16:00:57.506][info] [#0:script/workspace/loading.lua:113]: ++++As library of:	file:///usr/share/nvim/runtime/lua
[16:00:57.506][info] [#0:script/workspace/loading.lua:101]: Preload file at: file:///usr/share/nvim/runtime/lua/vim/lsp/semantic_tokens.lua , size = 24.755 KB
[16:00:57.515][info] [#0:script/workspace/loading.lua:113]: ++++As library of:	file:///usr/share/nvim/runtime/lua
[16:00:57.515][info] [#0:script/workspace/loading.lua:98]: Skip loaded file: file:///usr/share/nvim/runtime/lua/vim/lsp/buf.lua
[16:00:57.515][info] [#0:script/workspace/loading.lua:89]: Skip loaded file: file:///usr/share/nvim/runtime/lua/vim/lsp/semantic_tokens.lua
[16:00:57.516][info] [#0:script/workspace/loading.lua:113]: ++++As library of:	file:///usr/share/nvim/runtime/lua
[16:00:57.516][info] [#0:script/workspace/loading.lua:101]: Preload file at: file:///usr/share/nvim/runtime/lua/vim/lsp/tagfunc.lua , size = 2.339 KB
[16:00:57.517][info] [#0:script/workspace/loading.lua:113]: ++++As library of:	file:///usr/share/nvim/runtime/lua
[16:00:57.517][info] [#0:script/workspace/loading.lua:98]: Skip loaded file: file:///usr/share/nvim/runtime/lua/vim/lsp/tagfunc.lua
[16:00:57.517][info] [#0:script/workspace/loading.lua:101]: Preload file at: file:///usr/share/nvim/runtime/lua/vim/lsp/_watchfiles.lua , size = 9.196 KB
[16:00:57.521][info] [#0:script/workspace/loading.lua:113]: ++++As library of:	file:///usr/share/nvim/runtime/lua
[16:00:57.521][info] [#0:script/workspace/loading.lua:98]: Skip loaded file: file:///usr/share/nvim/runtime/lua/vim/lsp/_watchfiles.lua
[16:00:57.521][info] [#0:script/workspace/loading.lua:101]: Preload file at: file:///usr/share/nvim/runtime/lua/vim/lsp/_snippet.lua , size = 10.744 KB
[16:00:57.527][info] [#0:script/workspace/loading.lua:113]: ++++As library of:	file:///usr/share/nvim/runtime/lua
[16:00:57.527][info] [#0:script/workspace/loading.lua:98]: Skip loaded file: file:///usr/share/nvim/runtime/lua/vim/lsp/_snippet.lua
[16:00:57.527][info] [#0:script/workspace/loading.lua:101]: Preload file at: file:///usr/share/nvim/runtime/lua/vim/lsp/sync.lua , size = 15.681 KB
[16:00:57.532][info] [#0:script/workspace/loading.lua:113]: ++++As library of:	file:///usr/share/nvim/runtime/lua
[16:00:57.532][info] [#0:script/workspace/loading.lua:101]: Preload file at: file:///usr/share/nvim/runtime/lua/vim/lsp/log.lua , size = 5.151 KB
[16:00:57.535][info] [#0:script/workspace/loading.lua:113]: ++++As library of:	file:///usr/share/nvim/runtime/lua
[16:00:57.535][info] [#0:script/workspace/loading.lua:98]: Skip loaded file: file:///usr/share/nvim/runtime/lua/vim/lsp/sync.lua
[16:00:57.535][info] [#0:script/workspace/loading.lua:98]: Skip loaded file: file:///usr/share/nvim/runtime/lua/vim/lsp/log.lua
[16:00:57.535][info] [#0:script/workspace/loading.lua:101]: Preload file at: file:///usr/share/nvim/runtime/lua/vim/lsp/types.lua , size = 0.924 KB
[16:00:57.535][info] [#0:script/workspace/loading.lua:113]: ++++As library of:	file:///usr/share/nvim/runtime/lua
[16:00:57.535][info] [#0:script/workspace/loading.lua:98]: Skip loaded file: file:///usr/share/nvim/runtime/lua/vim/lsp/types.lua
[16:00:57.536][info] [#0:script/workspace/loading.lua:101]: Preload file at: file:///usr/share/nvim/runtime/lua/vim/lsp/protocol.lua , size = 28.367 KB
[16:00:57.549][info] [#0:script/workspace/loading.lua:113]: ++++As library of:	file:///usr/share/nvim/runtime/lua
[16:00:57.550][info] [#0:script/workspace/loading.lua:98]: Skip loaded file: file:///usr/share/nvim/runtime/lua/vim/lsp/protocol.lua
[16:00:57.550][info] [#0:script/workspace/loading.lua:101]: Preload file at: file:///usr/share/nvim/runtime/lua/vim/lsp/diagnostic.lua , size = 8.867 KB
[16:00:57.553][info] [#0:script/workspace/loading.lua:113]: ++++As library of:	file:///usr/share/nvim/runtime/lua
[16:00:57.553][info] [#0:script/workspace/loading.lua:98]: Skip loaded file: file:///usr/share/nvim/runtime/lua/vim/lsp/diagnostic.lua
[16:00:57.554][info] [#0:script/workspace/loading.lua:101]: Preload file at: file:///usr/share/nvim/runtime/lua/vim/lsp/util.lua , size = 70.763 KB
[16:00:57.581][info] [#0:script/workspace/loading.lua:113]: ++++As library of:	file:///usr/share/nvim/runtime/lua
[16:00:57.581][info] [#0:script/workspace/loading.lua:101]: Preload file at: file:///usr/share/nvim/runtime/lua/vim/lsp/health.lua , size = 1.240 KB
[16:00:57.582][info] [#0:script/workspace/loading.lua:113]: ++++As library of:	file:///usr/share/nvim/runtime/lua
[16:00:57.582][info] [#0:script/workspace/loading.lua:98]: Skip loaded file: file:///usr/share/nvim/runtime/lua/vim/lsp/health.lua
[16:00:57.582][info] [#0:script/workspace/loading.lua:98]: Skip loaded file: file:///usr/share/nvim/runtime/lua/vim/lsp/util.lua
[16:00:57.582][info] [#0:script/workspace/loading.lua:101]: Preload file at: file:///usr/share/nvim/runtime/lua/vim/lsp/handlers.lua , size = 23.587 KB
[16:00:57.591][info] [#0:script/workspace/loading.lua:113]: ++++As library of:	file:///usr/share/nvim/runtime/lua
[16:00:57.591][info] [#0:script/workspace/loading.lua:98]: Skip loaded file: file:///usr/share/nvim/runtime/lua/vim/lsp/handlers.lua
[16:00:57.591][info] [#0:script/workspace/loading.lua:101]: Preload file at: file:///usr/share/nvim/runtime/lua/vim/lsp/rpc.lua , size = 23.695 KB
[16:00:57.600][info] [#0:script/workspace/loading.lua:113]: ++++As library of:	file:///usr/share/nvim/runtime/lua
[16:00:57.601][info] [#0:script/workspace/loading.lua:101]: Preload file at: file:///usr/share/nvim/runtime/lua/vim/inspect.lua , size = 8.864 KB
[16:00:57.605][info] [#0:script/workspace/loading.lua:113]: ++++As library of:	file:///usr/share/nvim/runtime/lua
[16:00:57.605][info] [#0:script/workspace/loading.lua:98]: Skip loaded file: file:///usr/share/nvim/runtime/lua/vim/lsp/rpc.lua
[16:00:57.605][info] [#0:script/workspace/loading.lua:98]: Skip loaded file: file:///usr/share/nvim/runtime/lua/vim/inspect.lua
[16:00:57.605][info] [#0:script/workspace/loading.lua:101]: Preload file at: file:///usr/share/nvim/runtime/lua/vim/loader.lua , size = 15.990 KB
[16:00:57.627][info] [#0:script/workspace/loading.lua:113]: ++++As library of:	file:///usr/share/nvim/runtime/lua
[16:00:57.627][info] [#0:script/workspace/loading.lua:98]: Skip loaded file: file:///usr/share/nvim/runtime/lua/vim/loader.lua
[16:00:57.627][info] [#0:script/workspace/loading.lua:101]: Preload file at: file:///usr/share/nvim/runtime/lua/vim/shared.lua , size = 22.392 KB
[16:00:57.636][info] [#0:script/workspace/loading.lua:113]: ++++As library of:	file:///usr/share/nvim/runtime/lua
[16:00:57.636][info] [#0:script/workspace/loading.lua:101]: Preload file at: file:///usr/share/nvim/runtime/lua/vim/treesitter/highlighter.lua , size = 8.609 KB
[16:00:57.641][info] [#0:script/workspace/loading.lua:113]: ++++As library of:	file:///usr/share/nvim/runtime/lua
[16:00:57.641][info] [#0:script/workspace/loading.lua:98]: Skip loaded file: file:///usr/share/nvim/runtime/lua/vim/shared.lua
[16:00:57.641][info] [#0:script/workspace/loading.lua:98]: Skip loaded file: file:///usr/share/nvim/runtime/lua/vim/treesitter/highlighter.lua
[16:00:57.641][info] [#0:script/workspace/loading.lua:101]: Preload file at: file:///usr/share/nvim/runtime/lua/vim/treesitter/_range.lua , size = 3.646 KB
[16:00:57.643][info] [#0:script/workspace/loading.lua:113]: ++++As library of:	file:///usr/share/nvim/runtime/lua
[16:00:57.643][info] [#0:script/workspace/loading.lua:98]: Skip loaded file: file:///usr/share/nvim/runtime/lua/vim/treesitter/_range.lua
[16:00:57.643][info] [#0:script/workspace/loading.lua:101]: Preload file at: file:///usr/share/nvim/runtime/lua/vim/treesitter/query.lua , size = 21.253 KB
[16:00:57.653][info] [#0:script/workspace/loading.lua:113]: ++++As library of:	file:///usr/share/nvim/runtime/lua
[16:00:57.653][info] [#0:script/workspace/loading.lua:98]: Skip loaded file: file:///usr/share/nvim/runtime/lua/vim/treesitter/query.lua
[16:00:57.653][info] [#0:script/workspace/loading.lua:101]: Preload file at: file:///usr/share/nvim/runtime/lua/vim/treesitter/_meta.lua , size = 2.839 KB
[16:00:57.655][info] [#0:script/workspace/loading.lua:113]: ++++As library of:	file:///usr/share/nvim/runtime/lua
[16:00:57.655][info] [#0:script/workspace/loading.lua:89]: Skip loaded file: file:///usr/share/nvim/runtime/lua/vim/treesitter/_meta.lua
[16:00:57.655][info] [#0:script/workspace/loading.lua:113]: ++++As library of:	file:///usr/share/nvim/runtime/lua
[16:00:57.655][info] [#0:script/workspace/loading.lua:101]: Preload file at: file:///usr/share/nvim/runtime/lua/vim/treesitter/language.lua , size = 3.528 KB
[16:00:57.657][info] [#0:script/workspace/loading.lua:113]: ++++As library of:	file:///usr/share/nvim/runtime/lua
[16:00:57.657][info] [#0:script/workspace/loading.lua:98]: Skip loaded file: file:///usr/share/nvim/runtime/lua/vim/treesitter/language.lua
[16:00:57.657][info] [#0:script/workspace/loading.lua:101]: Preload file at: file:///usr/share/nvim/runtime/lua/vim/treesitter/playground.lua , size = 12.551 KB
[16:00:57.663][info] [#0:script/workspace/loading.lua:113]: ++++As library of:	file:///usr/share/nvim/runtime/lua
[16:00:57.663][info] [#0:script/workspace/loading.lua:98]: Skip loaded file: file:///usr/share/nvim/runtime/lua/vim/treesitter/playground.lua
[16:00:57.663][info] [#0:script/workspace/loading.lua:101]: Preload file at: file:///usr/share/nvim/runtime/lua/vim/treesitter/languagetree.lua , size = 26.168 KB
[16:00:57.675][info] [#0:script/workspace/loading.lua:113]: ++++As library of:	file:///usr/share/nvim/runtime/lua
[16:00:57.675][info] [#0:script/workspace/loading.lua:89]: Skip loaded file: file:///usr/share/nvim/runtime/lua/vim/treesitter/languagetree.lua
[16:00:57.675][info] [#0:script/workspace/loading.lua:113]: ++++As library of:	file:///usr/share/nvim/runtime/lua
[16:00:57.676][info] [#0:script/workspace/loading.lua:101]: Preload file at: file:///usr/share/nvim/runtime/lua/vim/treesitter/health.lua , size = 0.888 KB
[16:00:57.676][info] [#0:script/workspace/loading.lua:113]: ++++As library of:	file:///usr/share/nvim/runtime/lua
[16:00:57.676][info] [#0:script/workspace/loading.lua:98]: Skip loaded file: file:///usr/share/nvim/runtime/lua/vim/treesitter/health.lua
[16:00:57.676][info] [#0:script/workspace/loading.lua:101]: Preload file at: file:///usr/share/nvim/runtime/lua/vim/treesitter/_fold.lua , size = 6.753 KB
[16:00:57.680][info] [#0:script/workspace/loading.lua:113]: ++++As library of:	file:///usr/share/nvim/runtime/lua
[16:00:57.680][info] [#0:script/workspace/loading.lua:98]: Skip loaded file: file:///usr/share/nvim/runtime/lua/vim/treesitter/_fold.lua
[16:00:57.680][info] [#0:script/workspace/loading.lua:101]: Preload file at: file:///usr/share/nvim/runtime/lua/vim/lsp.lua , size = 82.409 KB
[16:00:57.709][info] [#0:script/workspace/loading.lua:113]: ++++As library of:	file:///usr/share/nvim/runtime/lua
[16:00:57.709][info] [#0:script/workspace/loading.lua:101]: Preload file at: file:///usr/share/nvim/runtime/lua/vim/filetype/options.lua , size = 2.561 KB
[16:00:57.710][info] [#0:script/workspace/loading.lua:113]: ++++As library of:	file:///usr/share/nvim/runtime/lua
[16:00:57.710][info] [#0:script/workspace/loading.lua:98]: Skip loaded file: file:///usr/share/nvim/runtime/lua/vim/filetype/options.lua
[16:00:57.710][info] [#0:script/workspace/loading.lua:98]: Skip loaded file: file:///usr/share/nvim/runtime/lua/vim/lsp.lua
[16:00:57.710][info] [#0:script/workspace/loading.lua:101]: Preload file at: file:///usr/share/nvim/runtime/lua/vim/filetype/detect.lua , size = 47.479 KB
[16:00:57.750][info] [#0:script/workspace/loading.lua:113]: ++++As library of:	file:///usr/share/nvim/runtime/lua
[16:00:57.750][info] [#0:script/workspace/loading.lua:98]: Skip loaded file: file:///usr/share/nvim/runtime/lua/vim/filetype/detect.lua
[16:00:57.750][info] [#0:script/workspace/loading.lua:101]: Preload file at: file:///usr/share/nvim/runtime/lua/vim/secure.lua , size = 4.830 KB
[16:00:57.752][info] [#0:script/workspace/loading.lua:113]: ++++As library of:	file:///usr/share/nvim/runtime/lua
[16:00:57.752][info] [#0:script/workspace/loading.lua:98]: Skip loaded file: file:///usr/share/nvim/runtime/lua/vim/secure.lua
[16:00:57.752][info] [#0:script/workspace/loading.lua:101]: Preload file at: file:///usr/share/nvim/runtime/lua/vim/F.lua , size = 0.824 KB
[16:00:57.753][info] [#0:script/workspace/loading.lua:113]: ++++As library of:	file:///usr/share/nvim/runtime/lua
[16:00:57.753][info] [#0:script/workspace/loading.lua:98]: Skip loaded file: file:///usr/share/nvim/runtime/lua/vim/F.lua
[16:00:57.753][info] [#0:script/workspace/loading.lua:101]: Preload file at: file:///usr/share/nvim/runtime/lua/vim/filetype.lua , size = 74.400 KB
[16:00:57.780][info] [#0:script/workspace/loading.lua:113]: ++++As library of:	file:///usr/share/nvim/runtime/lua
[16:00:57.780][info] [#0:script/workspace/loading.lua:98]: Skip loaded file: file:///usr/share/nvim/runtime/lua/vim/filetype.lua
[16:00:57.780][info] [#0:script/workspace/loading.lua:101]: Preload file at: file:///usr/share/nvim/runtime/lua/vim/fs.lua , size = 10.662 KB
[16:00:57.784][info] [#0:script/workspace/loading.lua:113]: ++++As library of:	file:///usr/share/nvim/runtime/lua
[16:00:57.784][info] [#0:script/workspace/loading.lua:98]: Skip loaded file: file:///usr/share/nvim/runtime/lua/vim/fs.lua
[16:00:57.784][info] [#0:script/workspace/loading.lua:101]: Preload file at: file:///usr/share/nvim/runtime/lua/vim/diagnostic.lua , size = 56.640 KB
[16:00:57.807][info] [#0:script/workspace/loading.lua:113]: ++++As library of:	file:///usr/share/nvim/runtime/lua
[16:00:57.807][info] [#0:script/workspace/loading.lua:101]: Preload file at: file:///usr/share/nvim/runtime/lua/vim/highlight.lua , size = 3.749 KB
[16:00:57.809][info] [#0:script/workspace/loading.lua:113]: ++++As library of:	file:///usr/share/nvim/runtime/lua
[16:00:57.809][info] [#0:script/workspace/loading.lua:98]: Skip loaded file: file:///usr/share/nvim/runtime/lua/vim/highlight.lua
[16:00:57.809][info] [#0:script/workspace/loading.lua:98]: Skip loaded file: file:///usr/share/nvim/runtime/lua/vim/diagnostic.lua
[16:00:57.809][info] [#0:script/workspace/loading.lua:101]: Preload file at: file:///usr/share/nvim/runtime/lua/vim/uri.lua , size = 3.376 KB
[16:00:57.811][info] [#0:script/workspace/loading.lua:113]: ++++As library of:	file:///usr/share/nvim/runtime/lua
[16:00:57.811][info] [#0:script/workspace/loading.lua:101]: Preload file at: file:///usr/share/nvim/runtime/lua/vim/ui.lua , size = 3.672 KB
[16:00:57.812][info] [#0:script/workspace/loading.lua:113]: ++++As library of:	file:///usr/share/nvim/runtime/lua
[16:00:57.812][info] [#0:script/workspace/loading.lua:98]: Skip loaded file: file:///usr/share/nvim/runtime/lua/vim/uri.lua
[16:00:57.812][info] [#0:script/workspace/loading.lua:98]: Skip loaded file: file:///usr/share/nvim/runtime/lua/vim/ui.lua
[16:00:57.812][info] [#0:script/workspace/loading.lua:101]: Preload file at: file:///usr/share/nvim/runtime/lua/vim/health.lua , size = 1.537 KB
[16:00:57.813][info] [#0:script/workspace/loading.lua:113]: ++++As library of:	file:///usr/share/nvim/runtime/lua
[16:00:57.813][info] [#0:script/workspace/loading.lua:98]: Skip loaded file: file:///usr/share/nvim/runtime/lua/vim/health.lua
[16:00:57.813][info] [#0:script/workspace/loading.lua:101]: Preload file at: file:///usr/share/nvim/runtime/lua/vim/_init_packages.lua , size = 2.773 KB
[16:00:57.815][info] [#0:script/workspace/loading.lua:113]: ++++As library of:	file:///usr/share/nvim/runtime/lua
[16:00:57.815][info] [#0:script/workspace/loading.lua:98]: Skip loaded file: file:///usr/share/nvim/runtime/lua/vim/_init_packages.lua
[16:00:57.815][info] [#0:script/workspace/loading.lua:101]: Preload file at: file:///home/elijahdaniel/.local/share/nvim/mason/packages/lua-language-server/libexec/meta/LuaJIT%20en-us%20utf8/debug.lua , size = 7.310 KB
[16:00:57.819][info] [#0:script/workspace/loading.lua:113]: ++++As library of:	file:///home/elijahdaniel/.local/share/nvim/mason/packages/lua-language-server/libexec/meta/LuaJIT%20en-us%20utf8/debug.lua
[16:00:57.819][info] [#0:script/workspace/loading.lua:98]: Skip loaded file: file:///home/elijahdaniel/.local/share/nvim/mason/packages/lua-language-server/libexec/meta/LuaJIT%20en-us%20utf8/debug.lua
[16:00:57.819][info] [#0:script/workspace/loading.lua:101]: Preload file at: file:///home/elijahdaniel/.local/share/nvim/mason/packages/lua-language-server/libexec/meta/LuaJIT%20en-us%20utf8/jit.lua , size = 0.884 KB
[16:00:57.820][info] [#0:script/workspace/loading.lua:113]: ++++As library of:	file:///home/elijahdaniel/.local/share/nvim/mason/packages/lua-language-server/libexec/meta/LuaJIT%20en-us%20utf8/jit.lua
[16:00:57.820][info] [#0:script/workspace/loading.lua:89]: Skip loaded file: file:///home/elijahdaniel/.local/share/nvim/mason/packages/lua-language-server/libexec/meta/LuaJIT%20en-us%20utf8/jit.lua
[16:00:57.820][info] [#0:script/workspace/loading.lua:113]: ++++As library of:	file:///home/elijahdaniel/.local/share/nvim/mason/packages/lua-language-server/libexec/meta/LuaJIT%20en-us%20utf8/jit.lua
[16:00:57.820][info] [#0:script/workspace/loading.lua:101]: Preload file at: file:///home/elijahdaniel/.local/share/nvim/mason/packages/lua-language-server/libexec/meta/LuaJIT%20en-us%20utf8/package.lua , size = 2.699 KB
[16:00:57.821][info] [#0:script/workspace/loading.lua:113]: ++++As library of:	file:///home/elijahdaniel/.local/share/nvim/mason/packages/lua-language-server/libexec/meta/LuaJIT%20en-us%20utf8/package.lua
[16:00:57.821][info] [#0:script/workspace/loading.lua:98]: Skip loaded file: file:///home/elijahdaniel/.local/share/nvim/mason/packages/lua-language-server/libexec/meta/LuaJIT%20en-us%20utf8/package.lua
[16:00:57.821][info] [#0:script/workspace/loading.lua:101]: Preload file at: file:///home/elijahdaniel/.local/share/nvim/mason/packages/lua-language-server/libexec/meta/LuaJIT%20en-us%20utf8/io.lua , size = 6.364 KB
[16:00:57.824][info] [#0:script/workspace/loading.lua:113]: ++++As library of:	file:///home/elijahdaniel/.local/share/nvim/mason/packages/lua-language-server/libexec/meta/LuaJIT%20en-us%20utf8/io.lua
[16:00:57.824][info] [#0:script/workspace/loading.lua:89]: Skip loaded file: file:///home/elijahdaniel/.local/share/nvim/mason/packages/lua-language-server/libexec/meta/LuaJIT%20en-us%20utf8/io.lua
[16:00:57.824][info] [#0:script/workspace/loading.lua:113]: ++++As library of:	file:///home/elijahdaniel/.local/share/nvim/mason/packages/lua-language-server/libexec/meta/LuaJIT%20en-us%20utf8/io.lua
[16:00:57.824][info] [#0:script/workspace/loading.lua:101]: Preload file at: file:///home/elijahdaniel/.local/share/nvim/mason/packages/lua-language-server/libexec/meta/LuaJIT%20en-us%20utf8/table.lua , size = 4.230 KB
[16:00:57.827][info] [#0:script/workspace/loading.lua:113]: ++++As library of:	file:///home/elijahdaniel/.local/share/nvim/mason/packages/lua-language-server/libexec/meta/LuaJIT%20en-us%20utf8/table.lua
[16:00:57.827][info] [#0:script/workspace/loading.lua:98]: Skip loaded file: file:///home/elijahdaniel/.local/share/nvim/mason/packages/lua-language-server/libexec/meta/LuaJIT%20en-us%20utf8/table.lua
[16:00:57.827][info] [#0:script/workspace/loading.lua:101]: Preload file at: file:///home/elijahdaniel/.local/share/nvim/lazy/neodev.nvim/types/stable/options.2.lua , size = 200.253 KB
[16:00:57.913][info] [#0:script/workspace/loading.lua:113]: ++++As library of:	file:///home/elijahdaniel/.local/share/nvim/lazy/neodev.nvim/types/stable
[16:00:57.913][info] [#0:script/workspace/loading.lua:89]: Skip loaded file: file:///home/elijahdaniel/.local/share/nvim/lazy/neodev.nvim/types/stable/options.2.lua
[16:00:57.913][info] [#0:script/workspace/loading.lua:113]: ++++As library of:	file:///home/elijahdaniel/.local/share/nvim/lazy/neodev.nvim/types/stable
[16:00:57.913][info] [#0:script/workspace/loading.lua:101]: Preload file at: file:///home/elijahdaniel/.local/share/nvim/lazy/neodev.nvim/types/stable/cmd.lua , size = 66.986 KB
[16:00:57.945][info] [#0:script/workspace/loading.lua:113]: ++++As library of:	file:///home/elijahdaniel/.local/share/nvim/lazy/neodev.nvim/types/stable
[16:00:57.945][info] [#0:script/workspace/loading.lua:98]: Skip loaded file: file:///home/elijahdaniel/.local/share/nvim/lazy/neodev.nvim/types/stable/cmd.lua
[16:00:57.945][info] [#0:script/workspace/loading.lua:101]: Preload file at: file:///home/elijahdaniel/.local/share/nvim/lazy/neodev.nvim/types/stable/api.lua , size = 111.802 KB
[16:00:57.972][info] [#0:script/workspace/loading.lua:113]: ++++As library of:	file:///home/elijahdaniel/.local/share/nvim/lazy/neodev.nvim/types/stable
[16:00:57.972][info] [#0:script/workspace/loading.lua:98]: Skip loaded file: file:///home/elijahdaniel/.local/share/nvim/lazy/neodev.nvim/types/stable/api.lua
[16:00:57.972][info] [#0:script/workspace/loading.lua:101]: Preload file at: file:///home/elijahdaniel/.local/share/nvim/lazy/neodev.nvim/types/stable/options.lua , size = 200.093 KB
[16:00:58.009][info] [#0:script/workspace/loading.lua:113]: ++++As library of:	file:///home/elijahdaniel/.local/share/nvim/lazy/neodev.nvim/types/stable
[16:00:58.009][info] [#0:script/workspace/loading.lua:101]: Preload file at: file:///home/elijahdaniel/.local/share/nvim/lazy/neodev.nvim/types/stable/alias.lua , size = 0.217 KB
[16:00:58.009][info] [#0:script/workspace/loading.lua:113]: ++++As library of:	file:///home/elijahdaniel/.local/share/nvim/lazy/neodev.nvim/types/stable
[16:00:58.009][info] [#0:script/workspace/loading.lua:98]: Skip loaded file: file:///home/elijahdaniel/.local/share/nvim/lazy/neodev.nvim/types/stable/alias.lua
[16:00:58.009][info] [#0:script/workspace/loading.lua:101]: Preload file at: file:///home/elijahdaniel/.local/share/nvim/lazy/neodev.nvim/types/stable/vim.lua , size = 1.143 KB
[16:00:58.011][info] [#0:script/workspace/loading.lua:113]: ++++As library of:	file:///home/elijahdaniel/.local/share/nvim/lazy/neodev.nvim/types/stable
[16:00:58.011][info] [#0:script/workspace/loading.lua:98]: Skip loaded file: file:///home/elijahdaniel/.local/share/nvim/lazy/neodev.nvim/types/stable/options.lua
[16:00:58.011][info] [#0:script/workspace/loading.lua:89]: Skip loaded file: file:///home/elijahdaniel/.local/share/nvim/lazy/neodev.nvim/types/stable/vim.lua
[16:00:58.011][info] [#0:script/workspace/loading.lua:113]: ++++As library of:	file:///home/elijahdaniel/.local/share/nvim/lazy/neodev.nvim/types/stable
[16:00:58.011][info] [#0:script/workspace/loading.lua:101]: Preload file at: file:///home/elijahdaniel/.local/share/nvim/lazy/neodev.nvim/types/stable/vim.fn.lua , size = 202.122 KB
[16:00:58.102][info] [#0:script/workspace/loading.lua:113]: ++++As library of:	file:///home/elijahdaniel/.local/share/nvim/lazy/neodev.nvim/types/stable
[16:00:58.102][info] [#0:script/workspace/loading.lua:98]: Skip loaded file: file:///home/elijahdaniel/.local/share/nvim/lazy/neodev.nvim/types/stable/vim.fn.lua
[16:00:58.102][info] [#0:script/workspace/loading.lua:101]: Preload file at: file:///home/elijahdaniel/.local/share/nvim/lazy/neodev.nvim/types/stable/uv.lua , size = 130.354 KB
[16:00:58.152][info] [#0:script/workspace/loading.lua:113]: ++++As library of:	file:///home/elijahdaniel/.local/share/nvim/lazy/neodev.nvim/types/stable
[16:00:58.152][info] [#0:script/workspace/loading.lua:98]: Skip loaded file: file:///home/elijahdaniel/.local/share/nvim/lazy/neodev.nvim/types/stable/uv.lua
[16:00:58.152][info] [#0:script/workspace/loading.lua:101]: Preload file at: file:///home/elijahdaniel/.local/share/nvim/lazy/neodev.nvim/types/stable/options.3.lua , size = 108.403 KB
[16:00:58.183][info] [#0:script/workspace/loading.lua:113]: ++++As library of:	file:///home/elijahdaniel/.local/share/nvim/lazy/neodev.nvim/types/stable
[16:00:58.183][info] [#0:script/workspace/loading.lua:98]: Skip loaded file: file:///home/elijahdaniel/.local/share/nvim/lazy/neodev.nvim/types/stable/options.3.lua
[16:00:58.183][info] [#0:script/workspace/loading.lua:101]: Preload file at: file:///home/elijahdaniel/.local/share/nvim/lazy/neodev.nvim/types/stable/vim.fn.1.lua , size = 163.758 KB
[16:00:58.222][info] [#0:script/workspace/loading.lua:113]: ++++As library of:	file:///home/elijahdaniel/.local/share/nvim/lazy/neodev.nvim/types/stable
[16:00:58.222][info] [#0:script/workspace/loading.lua:98]: Skip loaded file: file:///home/elijahdaniel/.local/share/nvim/lazy/neodev.nvim/types/stable/vim.fn.1.lua
[16:00:58.222][info] [#0:script/workspace/loading.lua:101]: Preload file at: file:///home/elijahdaniel/.local/share/nvim/lazy/neodev.nvim/types/stable/options.1.lua , size = 202.293 KB
[16:00:58.265][info] [#0:script/workspace/loading.lua:113]: ++++As library of:	file:///home/elijahdaniel/.local/share/nvim/lazy/neodev.nvim/types/stable
[16:00:58.265][info] [#0:script/workspace/loading.lua:101]: Preload file at: file:///home/elijahdaniel/.local/share/nvim/lazy/neodev.nvim/types/stable/lua.lua , size = 11.346 KB
[16:00:58.268][info] [#0:script/workspace/loading.lua:113]: ++++As library of:	file:///home/elijahdaniel/.local/share/nvim/lazy/neodev.nvim/types/stable
[16:00:58.269][info] [#0:script/workspace/loading.lua:98]: Skip loaded file: file:///home/elijahdaniel/.local/share/nvim/lazy/neodev.nvim/types/stable/lua.lua
[16:00:58.269][info] [#0:script/workspace/loading.lua:101]: Preload file at: file:///home/elijahdaniel/.local/share/nvim/mason/packages/lua-language-server/libexec/meta/LuaJIT%20en-us%20utf8/string/buffer.lua , size = 18.123 KB
[16:00:58.273][info] [#0:script/workspace/loading.lua:113]: ++++As library of:	file:///home/elijahdaniel/.local/share/nvim/mason/packages/lua-language-server/libexec/meta/LuaJIT%20en-us%20utf8/string/buffer.lua
[16:00:58.273][info] [#0:script/workspace/loading.lua:98]: Skip loaded file: file:///home/elijahdaniel/.local/share/nvim/mason/packages/lua-language-server/libexec/meta/LuaJIT%20en-us%20utf8/string/buffer.lua
[16:00:58.273][info] [#0:script/workspace/loading.lua:101]: Preload file at: file:///home/elijahdaniel/.local/share/nvim/mason/packages/lua-language-server/libexec/meta/LuaJIT%20en-us%20utf8/jit/util.lua , size = 1.982 KB
[16:00:58.275][info] [#0:script/workspace/loading.lua:113]: ++++As library of:	file:///home/elijahdaniel/.local/share/nvim/mason/packages/lua-language-server/libexec/meta/LuaJIT%20en-us%20utf8/jit/util.lua
[16:00:58.275][info] [#0:script/workspace/loading.lua:98]: Skip loaded file: file:///home/elijahdaniel/.local/share/nvim/mason/packages/lua-language-server/libexec/meta/LuaJIT%20en-us%20utf8/jit/util.lua
[16:00:58.275][info] [#0:script/workspace/loading.lua:101]: Preload file at: file:///home/elijahdaniel/.local/share/nvim/mason/packages/lua-language-server/libexec/meta/LuaJIT%20en-us%20utf8/jit/profile.lua , size = 0.338 KB
[16:00:58.275][info] [#0:script/workspace/loading.lua:113]: ++++As library of:	file:///home/elijahdaniel/.local/share/nvim/mason/packages/lua-language-server/libexec/meta/LuaJIT%20en-us%20utf8/jit/profile.lua
[16:00:58.275][info] [#0:script/workspace/loading.lua:98]: Skip loaded file: file:///home/elijahdaniel/.local/share/nvim/mason/packages/lua-language-server/libexec/meta/LuaJIT%20en-us%20utf8/jit/profile.lua
[16:00:58.275][info] [#0:script/workspace/loading.lua:101]: Preload file at: file:///home/elijahdaniel/.local/share/nvim/mason/packages/lua-language-server/libexec/meta/LuaJIT%20en-us%20utf8/table/new.lua , size = 0.642 KB
[16:00:58.276][info] [#0:script/workspace/loading.lua:113]: ++++As library of:	file:///home/elijahdaniel/.local/share/nvim/mason/packages/lua-language-server/libexec/meta/LuaJIT%20en-us%20utf8/table/new.lua
[16:00:58.276][info] [#0:script/workspace/loading.lua:98]: Skip loaded file: file:///home/elijahdaniel/.local/share/nvim/mason/packages/lua-language-server/libexec/meta/LuaJIT%20en-us%20utf8/table/new.lua
[16:00:58.276][info] [#0:script/workspace/loading.lua:98]: Skip loaded file: file:///home/elijahdaniel/.local/share/nvim/lazy/neodev.nvim/types/stable/options.1.lua
[16:00:58.276][info] [#0:script/workspace/loading.lua:101]: Preload file at: file:///home/elijahdaniel/.local/share/nvim/mason/packages/lua-language-server/libexec/meta/LuaJIT%20en-us%20utf8/basic.lua , size = 14.135 KB
[16:00:58.281][info] [#0:script/workspace/loading.lua:113]: ++++As library of:	file:///home/elijahdaniel/.local/share/nvim/mason/packages/lua-language-server/libexec/meta/LuaJIT%20en-us%20utf8/basic.lua
[16:00:58.281][info] [#0:script/workspace/loading.lua:98]: Skip loaded file: file:///home/elijahdaniel/.local/share/nvim/mason/packages/lua-language-server/libexec/meta/LuaJIT%20en-us%20utf8/basic.lua
[16:00:58.281][info] [#0:script/workspace/loading.lua:101]: Preload file at: file:///home/elijahdaniel/.local/share/nvim/mason/packages/lua-language-server/libexec/meta/LuaJIT%20en-us%20utf8/bit.lua , size = 1.320 KB
[16:00:58.282][info] [#0:script/workspace/loading.lua:113]: ++++As library of:	file:///home/elijahdaniel/.local/share/nvim/mason/packages/lua-language-server/libexec/meta/LuaJIT%20en-us%20utf8/bit.lua
[16:00:58.282][info] [#0:script/workspace/loading.lua:98]: Skip loaded file: file:///home/elijahdaniel/.local/share/nvim/mason/packages/lua-language-server/libexec/meta/LuaJIT%20en-us%20utf8/bit.lua
[16:00:58.282][info] [#0:script/workspace/loading.lua:101]: Preload file at: file:///home/elijahdaniel/.local/share/nvim/mason/packages/lua-language-server/libexec/meta/LuaJIT%20en-us%20utf8/os.lua , size = 4.347 KB
[16:00:58.285][info] [#0:script/workspace/loading.lua:113]: ++++As library of:	file:///home/elijahdaniel/.local/share/nvim/mason/packages/lua-language-server/libexec/meta/LuaJIT%20en-us%20utf8/os.lua
[16:00:58.285][info] [#0:script/workspace/loading.lua:98]: Skip loaded file: file:///home/elijahdaniel/.local/share/nvim/mason/packages/lua-language-server/libexec/meta/LuaJIT%20en-us%20utf8/os.lua
[16:00:58.285][info] [#0:script/workspace/loading.lua:101]: Preload file at: file:///home/elijahdaniel/.local/share/nvim/mason/packages/lua-language-server/libexec/meta/LuaJIT%20en-us%20utf8/math.lua , size = 8.133 KB
[16:00:58.289][info] [#0:script/workspace/loading.lua:113]: ++++As library of:	file:///home/elijahdaniel/.local/share/nvim/mason/packages/lua-language-server/libexec/meta/LuaJIT%20en-us%20utf8/math.lua
[16:00:58.289][info] [#0:script/workspace/loading.lua:98]: Skip loaded file: file:///home/elijahdaniel/.local/share/nvim/mason/packages/lua-language-server/libexec/meta/LuaJIT%20en-us%20utf8/math.lua
[16:00:58.289][info] [#0:script/workspace/loading.lua:101]: Preload file at: file:///home/elijahdaniel/.local/share/nvim/lazy/onedark.nvim/lua/onedark/highlights.lua , size = 31.999 KB
[16:00:58.302][info] [#0:script/workspace/loading.lua:113]: ++++As library of:	file:///home/elijahdaniel/.local/share/nvim/lazy/onedark.nvim/lua
[16:00:58.302][info] [#0:script/workspace/loading.lua:89]: Skip loaded file: file:///home/elijahdaniel/.local/share/nvim/lazy/onedark.nvim/lua/onedark/highlights.lua
[16:00:58.302][info] [#0:script/workspace/loading.lua:113]: ++++As library of:	file:///home/elijahdaniel/.local/share/nvim/lazy/onedark.nvim/lua
[16:00:58.302][info] [#0:script/workspace/loading.lua:89]: Skip loaded file: file:///home/elijahdaniel/.local/share/nvim/lazy/onedark.nvim/lua/onedark/palette.lua
[16:00:58.302][info] [#0:script/workspace/loading.lua:113]: ++++As library of:	file:///home/elijahdaniel/.local/share/nvim/lazy/onedark.nvim/lua
[16:00:58.302][info] [#0:script/workspace/loading.lua:89]: Skip loaded file: file:///home/elijahdaniel/.local/share/nvim/lazy/onedark.nvim/lua/onedark/palette.lua
[16:00:58.302][info] [#0:script/workspace/loading.lua:113]: ++++As library of:	file:///home/elijahdaniel/.local/share/nvim/lazy/onedark.nvim/lua
[16:00:58.302][info] [#0:script/workspace/loading.lua:101]: Preload file at: file:///home/elijahdaniel/.local/share/nvim/lazy/onedark.nvim/lua/onedark/terminal.lua , size = 0.728 KB
[16:00:58.303][info] [#0:script/workspace/loading.lua:113]: ++++As library of:	file:///home/elijahdaniel/.local/share/nvim/lazy/onedark.nvim/lua
[16:00:58.303][info] [#0:script/workspace/loading.lua:98]: Skip loaded file: file:///home/elijahdaniel/.local/share/nvim/lazy/onedark.nvim/lua/onedark/terminal.lua
[16:00:58.303][info] [#0:script/workspace/loading.lua:101]: Preload file at: file:///home/elijahdaniel/.local/share/nvim/lazy/onedark.nvim/lua/onedark/init.lua , size = 3.582 KB
[16:00:58.305][info] [#0:script/workspace/loading.lua:113]: ++++As library of:	file:///home/elijahdaniel/.local/share/nvim/lazy/onedark.nvim/lua
[16:00:58.305][info] [#0:script/workspace/loading.lua:98]: Skip loaded file: file:///home/elijahdaniel/.local/share/nvim/lazy/onedark.nvim/lua/onedark/init.lua
[16:00:58.305][info] [#0:script/workspace/loading.lua:101]: Preload file at: file:///home/elijahdaniel/.local/share/nvim/lazy/onedark.nvim/lua/onedark/colors.lua , size = 0.305 KB
[16:00:58.305][info] [#0:script/workspace/loading.lua:113]: ++++As library of:	file:///home/elijahdaniel/.local/share/nvim/lazy/onedark.nvim/lua
[16:00:58.305][info] [#0:script/workspace/loading.lua:89]: Skip loaded file: file:///home/elijahdaniel/.local/share/nvim/lazy/onedark.nvim/lua/onedark/colors.lua
[16:00:58.305][info] [#0:script/workspace/loading.lua:113]: ++++As library of:	file:///home/elijahdaniel/.local/share/nvim/lazy/onedark.nvim/lua
[16:00:58.305][info] [#0:script/workspace/loading.lua:101]: Preload file at: file:///home/elijahdaniel/.local/share/nvim/lazy/onedark.nvim/lua/onedark/util.lua , size = 1.114 KB
[16:00:58.306][info] [#0:script/workspace/loading.lua:113]: ++++As library of:	file:///home/elijahdaniel/.local/share/nvim/lazy/onedark.nvim/lua
[16:00:58.306][info] [#0:script/workspace/loading.lua:101]: Preload file at: file:///home/elijahdaniel/.local/share/nvim/lazy/onedark.nvim/lua/barbecue/theme/onedark.lua , size = 2.031 KB
[16:00:58.307][info] [#0:script/workspace/loading.lua:113]: ++++As library of:	file:///home/elijahdaniel/.local/share/nvim/lazy/onedark.nvim/lua
[16:00:58.307][info] [#0:script/workspace/loading.lua:98]: Skip loaded file: file:///home/elijahdaniel/.local/share/nvim/lazy/onedark.nvim/lua/onedark/util.lua
[16:00:58.307][info] [#0:script/workspace/loading.lua:98]: Skip loaded file: file:///home/elijahdaniel/.local/share/nvim/lazy/onedark.nvim/lua/barbecue/theme/onedark.lua
[16:00:58.307][info] [#0:script/workspace/loading.lua:101]: Preload file at: file:///home/elijahdaniel/.local/share/nvim/lazy/onedark.nvim/lua/lualine/themes/onedark.lua , size = 1.048 KB
[16:00:58.308][info] [#0:script/workspace/loading.lua:113]: ++++As library of:	file:///home/elijahdaniel/.local/share/nvim/lazy/onedark.nvim/lua
[16:00:58.308][info] [#0:script/workspace/loading.lua:98]: Skip loaded file: file:///home/elijahdaniel/.local/share/nvim/lazy/onedark.nvim/lua/lualine/themes/onedark.lua
[16:00:58.308][info] [#0:script/workspace/loading.lua:101]: Preload file at: file:///home/elijahdaniel/.local/share/nvim/mason/packages/lua-language-server/libexec/meta/LuaJIT%20en-us%20utf8/ffi.lua , size = 2.529 KB
[16:00:58.310][info] [#0:script/workspace/loading.lua:113]: ++++As library of:	file:///home/elijahdaniel/.local/share/nvim/mason/packages/lua-language-server/libexec/meta/LuaJIT%20en-us%20utf8/ffi.lua
[16:00:58.310][info] [#0:script/workspace/loading.lua:89]: Skip loaded file: file:///home/elijahdaniel/.local/share/nvim/mason/packages/lua-language-server/libexec/meta/LuaJIT%20en-us%20utf8/ffi.lua
[16:00:58.310][info] [#0:script/workspace/loading.lua:113]: ++++As library of:	file:///home/elijahdaniel/.local/share/nvim/mason/packages/lua-language-server/libexec/meta/LuaJIT%20en-us%20utf8/ffi.lua
[16:00:58.310][info] [#0:script/workspace/loading.lua:101]: Preload file at: file:///home/elijahdaniel/.local/share/nvim/mason/packages/lua-language-server/libexec/meta/LuaJIT%20en-us%20utf8/builtin.lua , size = 0.302 KB
[16:00:58.311][info] [#0:script/workspace/loading.lua:113]: ++++As library of:	file:///home/elijahdaniel/.local/share/nvim/mason/packages/lua-language-server/libexec/meta/LuaJIT%20en-us%20utf8/builtin.lua
[16:00:58.311][info] [#0:script/workspace/loading.lua:98]: Skip loaded file: file:///home/elijahdaniel/.local/share/nvim/mason/packages/lua-language-server/libexec/meta/LuaJIT%20en-us%20utf8/builtin.lua
[16:00:58.311][info] [#0:script/workspace/loading.lua:101]: Preload file at: file:///home/elijahdaniel/.local/share/nvim/mason/packages/lua-language-server/libexec/meta/LuaJIT%20en-us%20utf8/string.lua , size = 6.284 KB
[16:00:58.314][info] [#0:script/workspace/loading.lua:113]: ++++As library of:	file:///home/elijahdaniel/.local/share/nvim/mason/packages/lua-language-server/libexec/meta/LuaJIT%20en-us%20utf8/string.lua
[16:00:58.314][info] [#0:script/workspace/loading.lua:101]: Preload file at: file:///home/elijahdaniel/.local/share/nvim/mason/packages/lua-language-server/libexec/meta/LuaJIT%20en-us%20utf8/coroutine.lua , size = 2.541 KB
[16:00:58.315][info] [#0:script/workspace/loading.lua:113]: ++++As library of:	file:///home/elijahdaniel/.local/share/nvim/mason/packages/lua-language-server/libexec/meta/LuaJIT%20en-us%20utf8/coroutine.lua
[16:00:58.315][info] [#0:script/workspace/loading.lua:98]: Skip loaded file: file:///home/elijahdaniel/.local/share/nvim/mason/packages/lua-language-server/libexec/meta/LuaJIT%20en-us%20utf8/string.lua
[16:00:58.315][info] [#0:script/workspace/loading.lua:98]: Skip loaded file: file:///home/elijahdaniel/.local/share/nvim/mason/packages/lua-language-server/libexec/meta/LuaJIT%20en-us%20utf8/coroutine.lua
[16:00:58.315][info] [#0:script/workspace/loading.lua:173]: Loaded files takes [0.909] sec: <fallback>
[16:00:58.315][info] [#0:script/workspace/loading.lua:182]: Compile files takes [0.000] sec: <fallback>
[16:00:58.315][info] [#0:script/workspace/loading.lua:183]: Loaded finish:	<fallback>
[16:00:58.315][info] [#0:script/workspace/workspace.lua:379]: Preload finish at:	<fallback>
[16:00:58.322][info] [#0:script/workspace/loading.lua:89]: Skip loaded file: file:///home/elijahdaniel/.local/share/nvim/lazy/onedark.nvim/lua/onedark/highlights.lua
[16:00:58.322][info] [#0:script/workspace/loading.lua:89]: Skip loaded file: file:///home/elijahdaniel/.local/share/nvim/lazy/onedark.nvim/lua/onedark/palette.lua
[16:00:58.322][info] [#0:script/workspace/loading.lua:89]: Skip loaded file: file:///home/elijahdaniel/.local/share/nvim/lazy/onedark.nvim/lua/onedark/terminal.lua
[16:00:58.322][info] [#0:script/workspace/loading.lua:89]: Skip loaded file: file:///home/elijahdaniel/.local/share/nvim/lazy/onedark.nvim/lua/onedark/init.lua
[16:00:58.322][info] [#0:script/workspace/loading.lua:89]: Skip loaded file: file:///home/elijahdaniel/.local/share/nvim/lazy/onedark.nvim/lua/onedark/colors.lua
[16:00:58.322][info] [#0:script/workspace/loading.lua:89]: Skip loaded file: file:///home/elijahdaniel/.local/share/nvim/lazy/onedark.nvim/lua/onedark/util.lua
[16:00:58.322][info] [#0:script/workspace/loading.lua:89]: Skip loaded file: file:///home/elijahdaniel/.local/share/nvim/lazy/onedark.nvim/lua/barbecue/theme/onedark.lua
[16:00:58.322][info] [#0:script/workspace/loading.lua:89]: Skip loaded file: file:///home/elijahdaniel/.local/share/nvim/lazy/onedark.nvim/lua/lualine/themes/onedark.lua
[16:00:58.322][info] [#0:script/workspace/loading.lua:173]: Loaded files takes [0.916] sec: file:///home/elijahdaniel/.local/share/nvim/lazy/onedark.nvim/lua/
[16:00:58.322][info] [#0:script/workspace/loading.lua:182]: Compile files takes [0.000] sec: file:///home/elijahdaniel/.local/share/nvim/lazy/onedark.nvim/lua/
[16:00:58.322][info] [#0:script/workspace/loading.lua:183]: Loaded finish:	file:///home/elijahdaniel/.local/share/nvim/lazy/onedark.nvim/lua/
[16:00:58.322][info] [#0:script/workspace/workspace.lua:379]: Preload finish at:	file:///home/elijahdaniel/.local/share/nvim/lazy/onedark.nvim/lua/
[16:00:58.331][info] [#0:script/provider/diagnostic.lua:557]: Diagnostics scope [file:///home/elijahdaniel/.local/share/nvim/lazy/onedark.nvim/lua/], files count:[89]
[16:00:58.331][warn] [#0:script/proto/proto.lua:187]: Method [textDocument/didOpen] takes [0.965]sec. {
  jsonrpc = "2.0",
  method = "textDocument/didOpen",
  params = {
    textDocument = {
      languageId = "lua",
      text = '"***"',
      uri = "file:///home/elijahdaniel/.local/share/nvim/lazy/onedark.nvim/lua/onedark/palette.lua",
      version = 0
    }
  }
}
[16:00:58.333][warn] [#0:script/proto/proto.lua:187]: Method [textDocument/semanticTokens/full] takes [0.935]sec. {
  id = 8,
  jsonrpc = "2.0",
  method = "textDocument/semanticTokens/full",
  params = {
    textDocument = {
      uri = "file:///home/elijahdaniel/.local/share/nvim/lazy/onedark.nvim/lua/onedark/palette.lua"
    }
  }
}
[16:00:58.516][info] [#0:script/provider/diagnostic.lua:574]: Diagnostics scope [file:///home/elijahdaniel/.local/share/nvim/lazy/onedark.nvim/lua/] finished, takes [0.184] sec.
[16:01:06.628][info] [#0:script/provider/provider.lua:169]: Server shutdown.
[16:01:06.628][warn] [#0:script/pub/report.lua:25]: Load proto error:	Disconnected!
