current directory: /home/elijahdaniel/.local/share/nvim/mason/staging/solargraph/gems/rbs-2.8.4/ext/rbs_extension
/home/elijahdaniel/.asdf/installs/ruby/3.1.2/bin/ruby -I /home/elijahdaniel/.asdf/installs/ruby/3.1.2/lib/ruby/3.1.0 -r ./siteconf20230707-155408-yc4qrk.rb extconf.rb
checking for whether -std=gnu99 is accepted as CFLAGS... yes
creating Makefile

current directory: /home/elijahdaniel/.local/share/nvim/mason/staging/solargraph/gems/rbs-2.8.4/ext/rbs_extension
make DESTDIR\= clean

current directory: /home/elijahdaniel/.local/share/nvim/mason/staging/solargraph/gems/rbs-2.8.4/ext/rbs_extension
make DESTDIR\=
compiling constants.c
compiling lexer.c
compiling lexstate.c
compiling location.c
compiling main.c
compiling parser.c
compiling parserstate.c
compiling ruby_objs.c
compiling unescape.c
linking shared-object rbs_extension.so

current directory: /home/elijahdaniel/.local/share/nvim/mason/staging/solargraph/gems/rbs-2.8.4/ext/rbs_extension
make DESTDIR\= install
/usr/bin/install -c -m 0755 rbs_extension.so ./.gem.20230707-155408-r7i1ui
